ts=2013-07-05T17:47:08.306Z level=DEBUG event=VisitorTest.testVisitNSIServiceType.start guid=cb4096cd-8a41-4d66-a384-046632bea5af
ts=2013-07-05T17:47:08.415Z level=TRACE event=NMLVisitor.visit.Body.start guid=cb4096cd-8a41-4d66-a384-046632bea5af
ts=2013-07-05T17:47:08.415Z level=TRACE event=NMLVisitor.visit.Body.end status=0 guid=cb4096cd-8a41-4d66-a384-046632bea5af
ts=2013-07-05T17:47:08.415Z level=TRACE event=NMLVisitor.visit.NsiServiceType.start id=urn:ogf:network:example.com:2013:nsa-provserv guid=cb4096cd-8a41-4d66-a384-046632bea5af
ts=2013-07-05T17:47:08.415Z level=TRACE event=RecordsCollection.NSIServiceInstance.start id=urn:ogf:network:example.com:2013:nsa-provserv guid=cb4096cd-8a41-4d66-a384-046632bea5af
ts=2013-07-05T17:47:08.418Z level=TRACE event=RecordsCollection.NSIServiceInstance.newInstanceCreated id=urn:ogf:network:example.com:2013:nsa-provserv status=0 guid=cb4096cd-8a41-4d66-a384-046632bea5af
ts=2013-07-05T17:47:08.418Z level=TRACE event=RecordsCollection.NSIServiceInstance.end id=urn:ogf:network:example.com:2013:nsa-provserv status=0 guid=cb4096cd-8a41-4d66-a384-046632bea5af
ts=2013-07-05T17:47:08.418Z level=TRACE event=NMLVisitor.visit.NsiServiceType.end status=0 guid=cb4096cd-8a41-4d66-a384-046632bea5af
ts=2013-07-05T17:47:08.418Z level=TRACE event=NMLVisitor.visit.NSAType.start id=urn:ogf:network:example.com:2013:nsa guid=cb4096cd-8a41-4d66-a384-046632bea5af
ts=2013-07-05T17:47:08.418Z level=TRACE event=RecordsCollection.NSAInstance.start id=urn:ogf:network:example.com:2013:nsa guid=cb4096cd-8a41-4d66-a384-046632bea5af
ts=2013-07-05T17:47:08.419Z level=TRACE event=RecordsCollection.NSAInstance.newInstanceCreated id=urn:ogf:network:example.com:2013:nsa status=0 guid=cb4096cd-8a41-4d66-a384-046632bea5af
ts=2013-07-05T17:47:08.419Z level=TRACE event=RecordsCollection.NSAInstance.end id=urn:ogf:network:example.com:2013:nsa status=0 guid=cb4096cd-8a41-4d66-a384-046632bea5af
ts=2013-07-05T17:47:08.419Z level=TRACE event=NMLVisitor.visit.NSAType.end status=0 guid=cb4096cd-8a41-4d66-a384-046632bea5af
ts=2013-07-05T17:47:08.419Z level=DEBUG event=VisitorTest.testVisitNSIServiceType.end status=0 guid=cb4096cd-8a41-4d66-a384-046632bea5af
ts=2013-07-05T17:47:08.420Z level=DEBUG event=VisitorTest.testVisitPortGroupType.start guid=5fec6e91-6072-4560-8090-b6fe89417123
ts=2013-07-05T17:47:08.516Z level=TRACE event=NMLVisitor.visit.Body.start guid=5fec6e91-6072-4560-8090-b6fe89417123
ts=2013-07-05T17:47:08.516Z level=TRACE event=NMLVisitor.visit.Body.end status=0 guid=5fec6e91-6072-4560-8090-b6fe89417123
ts=2013-07-05T17:47:08.516Z level=TRACE event=NMLVisitor.visit.PortGroupType.start id=urn:ogf:network:example.net:2013:portGroup guid=5fec6e91-6072-4560-8090-b6fe89417123
ts=2013-07-05T17:47:08.516Z level=TRACE event=RecordsCollection.portGroupInstance.start id=urn:ogf:network:example.net:2013:portGroup guid=5fec6e91-6072-4560-8090-b6fe89417123
ts=2013-07-05T17:47:08.517Z level=TRACE event=RecordsCollection.portGroupInstance.newInstanceCreated id=urn:ogf:network:example.net:2013:portGroup status=0 guid=5fec6e91-6072-4560-8090-b6fe89417123
ts=2013-07-05T17:47:08.517Z level=TRACE event=RecordsCollection.portGroupInstance.end id=urn:ogf:network:example.net:2013:portGroup status=0 guid=5fec6e91-6072-4560-8090-b6fe89417123
ts=2013-07-05T17:47:08.517Z level=TRACE event=RecordsCollection.portInstance.start id=urn:ogf:network:example.net:2013:portA guid=5fec6e91-6072-4560-8090-b6fe89417123
ts=2013-07-05T17:47:08.517Z level=TRACE event=RecordsCollection.portInstance.newInstanceCreated id=urn:ogf:network:example.net:2013:portA status=0 guid=5fec6e91-6072-4560-8090-b6fe89417123
ts=2013-07-05T17:47:08.517Z level=TRACE event=RecordsCollection.portInstance.end id=urn:ogf:network:example.net:2013:portA status=0 guid=5fec6e91-6072-4560-8090-b6fe89417123
ts=2013-07-05T17:47:08.517Z level=TRACE event=RecordsCollection.portInstance.start id=urn:ogf:network:example.net:2013:portB guid=5fec6e91-6072-4560-8090-b6fe89417123
ts=2013-07-05T17:47:08.517Z level=TRACE event=RecordsCollection.portInstance.newInstanceCreated id=urn:ogf:network:example.net:2013:portB status=0 guid=5fec6e91-6072-4560-8090-b6fe89417123
ts=2013-07-05T17:47:08.518Z level=TRACE event=RecordsCollection.portInstance.end id=urn:ogf:network:example.net:2013:portB status=0 guid=5fec6e91-6072-4560-8090-b6fe89417123
ts=2013-07-05T17:47:08.518Z level=TRACE event=RecordsCollection.portGroupInstance.start id=urn:ogf:network:example.net:2013:portGroupC guid=5fec6e91-6072-4560-8090-b6fe89417123
ts=2013-07-05T17:47:08.518Z level=TRACE event=RecordsCollection.portGroupInstance.newInstanceCreated id=urn:ogf:network:example.net:2013:portGroupC status=0 guid=5fec6e91-6072-4560-8090-b6fe89417123
ts=2013-07-05T17:47:08.518Z level=TRACE event=RecordsCollection.portGroupInstance.end id=urn:ogf:network:example.net:2013:portGroupC status=0 guid=5fec6e91-6072-4560-8090-b6fe89417123
ts=2013-07-05T17:47:08.518Z level=TRACE event=NMLVisitor.visit.PortGroupType.end status=0 guid=5fec6e91-6072-4560-8090-b6fe89417123
ts=2013-07-05T17:47:08.518Z level=TRACE event=NMLVisitor.visit.PortType.start id=urn:ogf:network:example.net:2013:portA guid=5fec6e91-6072-4560-8090-b6fe89417123
ts=2013-07-05T17:47:08.518Z level=TRACE event=RecordsCollection.portInstance.start id=urn:ogf:network:example.net:2013:portA guid=5fec6e91-6072-4560-8090-b6fe89417123
ts=2013-07-05T17:47:08.518Z level=TRACE event=RecordsCollection.portInstance.end id=urn:ogf:network:example.net:2013:portA status=0 guid=5fec6e91-6072-4560-8090-b6fe89417123
ts=2013-07-05T17:47:08.519Z level=TRACE event=NMLVisitor.visit.PortType.end status=0 guid=5fec6e91-6072-4560-8090-b6fe89417123
ts=2013-07-05T17:47:08.519Z level=TRACE event=NMLVisitor.visit.PortType.start id=urn:ogf:network:example.net:2013:portB guid=5fec6e91-6072-4560-8090-b6fe89417123
ts=2013-07-05T17:47:08.519Z level=TRACE event=RecordsCollection.portInstance.start id=urn:ogf:network:example.net:2013:portB guid=5fec6e91-6072-4560-8090-b6fe89417123
ts=2013-07-05T17:47:08.519Z level=TRACE event=RecordsCollection.portInstance.end id=urn:ogf:network:example.net:2013:portB status=0 guid=5fec6e91-6072-4560-8090-b6fe89417123
ts=2013-07-05T17:47:08.519Z level=TRACE event=NMLVisitor.visit.PortType.end status=0 guid=5fec6e91-6072-4560-8090-b6fe89417123
ts=2013-07-05T17:47:08.519Z level=TRACE event=NMLVisitor.visit.PortGroupType.start id=urn:ogf:network:example.net:2013:portGroupC guid=5fec6e91-6072-4560-8090-b6fe89417123
ts=2013-07-05T17:47:08.525Z level=TRACE event=RecordsCollection.portGroupInstance.start id=urn:ogf:network:example.net:2013:portGroupC guid=5fec6e91-6072-4560-8090-b6fe89417123
ts=2013-07-05T17:47:08.525Z level=TRACE event=RecordsCollection.portGroupInstance.end id=urn:ogf:network:example.net:2013:portGroupC status=0 guid=5fec6e91-6072-4560-8090-b6fe89417123
ts=2013-07-05T17:47:08.525Z level=TRACE event=NMLVisitor.visit.PortGroupType.end status=0 guid=5fec6e91-6072-4560-8090-b6fe89417123
ts=2013-07-05T17:47:08.525Z level=TRACE event=NMLVisitor.visit.LinkGroupType.start id=urn:ogf:network:example.net:2013:linkA guid=5fec6e91-6072-4560-8090-b6fe89417123
ts=2013-07-05T17:47:08.525Z level=TRACE event=RecordsCollection.linkGroupInstance.start id=urn:ogf:network:example.net:2013:linkA guid=5fec6e91-6072-4560-8090-b6fe89417123
ts=2013-07-05T17:47:08.526Z level=TRACE event=RecordsCollection.linkGroupInstance.newInstanceCreated id=urn:ogf:network:example.net:2013:linkA status=0 guid=5fec6e91-6072-4560-8090-b6fe89417123
ts=2013-07-05T17:47:08.526Z level=TRACE event=RecordsCollection.linkGroupInstance.end id=urn:ogf:network:example.net:2013:linkA status=0 guid=5fec6e91-6072-4560-8090-b6fe89417123
ts=2013-07-05T17:47:08.526Z level=TRACE event=NMLVisitor.visit.LinkGroupType.end status=0 guid=5fec6e91-6072-4560-8090-b6fe89417123
ts=2013-07-05T17:47:08.526Z level=TRACE event=NMLVisitor.visit.LinkGroupType.start id=urn:ogf:network:example.net:2013:linkB guid=5fec6e91-6072-4560-8090-b6fe89417123
ts=2013-07-05T17:47:08.527Z level=TRACE event=RecordsCollection.linkGroupInstance.start id=urn:ogf:network:example.net:2013:linkB guid=5fec6e91-6072-4560-8090-b6fe89417123
ts=2013-07-05T17:47:08.527Z level=TRACE event=RecordsCollection.linkGroupInstance.newInstanceCreated id=urn:ogf:network:example.net:2013:linkB status=0 guid=5fec6e91-6072-4560-8090-b6fe89417123
ts=2013-07-05T17:47:08.527Z level=TRACE event=RecordsCollection.linkGroupInstance.end id=urn:ogf:network:example.net:2013:linkB status=0 guid=5fec6e91-6072-4560-8090-b6fe89417123
ts=2013-07-05T17:47:08.527Z level=TRACE event=NMLVisitor.visit.LinkGroupType.end status=0 guid=5fec6e91-6072-4560-8090-b6fe89417123
ts=2013-07-05T17:47:08.527Z level=TRACE event=NMLVisitor.visit.PortGroupType.start id=urn:ogf:network:example.net:2013:portGroupB guid=5fec6e91-6072-4560-8090-b6fe89417123
ts=2013-07-05T17:47:08.527Z level=TRACE event=RecordsCollection.portGroupInstance.start id=urn:ogf:network:example.net:2013:portGroupB guid=5fec6e91-6072-4560-8090-b6fe89417123
ts=2013-07-05T17:47:08.527Z level=TRACE event=RecordsCollection.portGroupInstance.newInstanceCreated id=urn:ogf:network:example.net:2013:portGroupB status=0 guid=5fec6e91-6072-4560-8090-b6fe89417123
ts=2013-07-05T17:47:08.527Z level=TRACE event=RecordsCollection.portGroupInstance.end id=urn:ogf:network:example.net:2013:portGroupB status=0 guid=5fec6e91-6072-4560-8090-b6fe89417123
ts=2013-07-05T17:47:08.527Z level=TRACE event=NMLVisitor.visit.PortGroupType.end status=0 guid=5fec6e91-6072-4560-8090-b6fe89417123
ts=2013-07-05T17:47:08.527Z level=DEBUG event=VisitorTest.testVisitPortGroupType.end status=0 guid=5fec6e91-6072-4560-8090-b6fe89417123
ts=2013-07-05T17:47:08.528Z level=DEBUG event=VisitorTest.testVisitBidirectionalPortType.start guid=5f4e62a9-0ada-4ded-9604-e1a1aa76644a
ts=2013-07-05T17:47:08.618Z level=TRACE event=NMLVisitor.visit.Body.start guid=5f4e62a9-0ada-4ded-9604-e1a1aa76644a
ts=2013-07-05T17:47:08.618Z level=TRACE event=NMLVisitor.visit.Body.end status=0 guid=5f4e62a9-0ada-4ded-9604-e1a1aa76644a
ts=2013-07-05T17:47:08.618Z level=TRACE event=NMLVisitor.visit.BidirectionalPortType.start id=urn:ogf:network:example.net:2013:portA guid=5f4e62a9-0ada-4ded-9604-e1a1aa76644a
ts=2013-07-05T17:47:08.618Z level=TRACE event=RecordsCollection.bidirectionalPortInstance.start id=urn:ogf:network:example.net:2013:portA guid=5f4e62a9-0ada-4ded-9604-e1a1aa76644a
ts=2013-07-05T17:47:08.619Z level=TRACE event=RecordsCollection.bidirectionalPortInstance.newInstanceCreated id=urn:ogf:network:example.net:2013:portA status=0 guid=5f4e62a9-0ada-4ded-9604-e1a1aa76644a
ts=2013-07-05T17:47:08.619Z level=TRACE event=RecordsCollection.bidirectionalPortInstance.end id=urn:ogf:network:example.net:2013:portA status=0 guid=5f4e62a9-0ada-4ded-9604-e1a1aa76644a
ts=2013-07-05T17:47:08.619Z level=TRACE event=NMLVisitor.visit.BidirectionalPortType.end status=0 guid=5f4e62a9-0ada-4ded-9604-e1a1aa76644a
ts=2013-07-05T17:47:08.619Z level=TRACE event=NMLVisitor.visit.PortType.start id=urn:ogf:network:example.net:2013:portA:out guid=5f4e62a9-0ada-4ded-9604-e1a1aa76644a
ts=2013-07-05T17:47:08.619Z level=TRACE event=RecordsCollection.portInstance.start id=urn:ogf:network:example.net:2013:portA:out guid=5f4e62a9-0ada-4ded-9604-e1a1aa76644a
ts=2013-07-05T17:47:08.619Z level=TRACE event=RecordsCollection.portInstance.newInstanceCreated id=urn:ogf:network:example.net:2013:portA:out status=0 guid=5f4e62a9-0ada-4ded-9604-e1a1aa76644a
ts=2013-07-05T17:47:08.619Z level=TRACE event=RecordsCollection.portInstance.end id=urn:ogf:network:example.net:2013:portA:out status=0 guid=5f4e62a9-0ada-4ded-9604-e1a1aa76644a
ts=2013-07-05T17:47:08.620Z level=TRACE event=NMLVisitor.visit.PortType.end status=0 guid=5f4e62a9-0ada-4ded-9604-e1a1aa76644a
ts=2013-07-05T17:47:08.620Z level=TRACE event=NMLVisitor.visit.PortType.start id=urn:ogf:network:example.net:2013:portA:in guid=5f4e62a9-0ada-4ded-9604-e1a1aa76644a
ts=2013-07-05T17:47:08.620Z level=TRACE event=RecordsCollection.portInstance.start id=urn:ogf:network:example.net:2013:portA:in guid=5f4e62a9-0ada-4ded-9604-e1a1aa76644a
ts=2013-07-05T17:47:08.620Z level=TRACE event=RecordsCollection.portInstance.newInstanceCreated id=urn:ogf:network:example.net:2013:portA:in status=0 guid=5f4e62a9-0ada-4ded-9604-e1a1aa76644a
ts=2013-07-05T17:47:08.620Z level=TRACE event=RecordsCollection.portInstance.end id=urn:ogf:network:example.net:2013:portA:in status=0 guid=5f4e62a9-0ada-4ded-9604-e1a1aa76644a
ts=2013-07-05T17:47:08.620Z level=TRACE event=NMLVisitor.visit.PortType.end status=0 guid=5f4e62a9-0ada-4ded-9604-e1a1aa76644a
ts=2013-07-05T17:47:08.620Z level=DEBUG event=VisitorTest.testVisitBidirectionalPortType.end status=0 guid=5f4e62a9-0ada-4ded-9604-e1a1aa76644a
ts=2013-07-05T17:47:08.621Z level=DEBUG event=VisitorTest.testVisitBidirectionalLinkType.start guid=bbdcd442-e3cb-4efb-ad49-348b156cd90d
ts=2013-07-05T17:47:08.716Z level=TRACE event=NMLVisitor.visit.Body.start guid=bbdcd442-e3cb-4efb-ad49-348b156cd90d
ts=2013-07-05T17:47:08.717Z level=TRACE event=NMLVisitor.visit.Body.end status=0 guid=bbdcd442-e3cb-4efb-ad49-348b156cd90d
ts=2013-07-05T17:47:08.717Z level=TRACE event=NMLVisitor.visit.BidirectionalLinkType.start id=urn:ogf:network:example.net:2013:linkA guid=bbdcd442-e3cb-4efb-ad49-348b156cd90d
ts=2013-07-05T17:47:08.717Z level=TRACE event=RecordsCollection.bidirectionalLinkInstance.start id=urn:ogf:network:example.net:2013:linkA guid=bbdcd442-e3cb-4efb-ad49-348b156cd90d
ts=2013-07-05T17:47:08.717Z level=TRACE event=RecordsCollection.bidirectionalLinkInstance.newInstanceCreated id=urn:ogf:network:example.net:2013:linkA status=0 guid=bbdcd442-e3cb-4efb-ad49-348b156cd90d
ts=2013-07-05T17:47:08.717Z level=TRACE event=RecordsCollection.bidirectionalLinkInstance.end id=urn:ogf:network:example.net:2013:linkA status=0 guid=bbdcd442-e3cb-4efb-ad49-348b156cd90d
ts=2013-07-05T17:47:08.718Z level=TRACE event=NMLVisitor.visit.BidirectionalLinkType.end status=0 guid=bbdcd442-e3cb-4efb-ad49-348b156cd90d
ts=2013-07-05T17:47:08.718Z level=TRACE event=NMLVisitor.visit.LinkType.start id=urn:ogf:network:example.net:2013:linkA:XY guid=bbdcd442-e3cb-4efb-ad49-348b156cd90d
ts=2013-07-05T17:47:08.718Z level=TRACE event=RecordsCollection.linkInstance.start id=urn:ogf:network:example.net:2013:linkA:XY guid=bbdcd442-e3cb-4efb-ad49-348b156cd90d
ts=2013-07-05T17:47:08.718Z level=TRACE event=RecordsCollection.linkInstance.newInstanceCreated id=urn:ogf:network:example.net:2013:linkA:XY status=0 guid=bbdcd442-e3cb-4efb-ad49-348b156cd90d
ts=2013-07-05T17:47:08.718Z level=TRACE event=RecordsCollection.linkInstance.end id=urn:ogf:network:example.net:2013:linkA:XY status=0 guid=bbdcd442-e3cb-4efb-ad49-348b156cd90d
ts=2013-07-05T17:47:08.718Z level=TRACE event=NMLVisitor.visit.LinkType.end status=0 guid=bbdcd442-e3cb-4efb-ad49-348b156cd90d
ts=2013-07-05T17:47:08.718Z level=TRACE event=NMLVisitor.visit.LinkType.start id=urn:ogf:network:example.net:2013:linkA:YX guid=bbdcd442-e3cb-4efb-ad49-348b156cd90d
ts=2013-07-05T17:47:08.718Z level=TRACE event=RecordsCollection.linkInstance.start id=urn:ogf:network:example.net:2013:linkA:YX guid=bbdcd442-e3cb-4efb-ad49-348b156cd90d
ts=2013-07-05T17:47:08.719Z level=TRACE event=RecordsCollection.linkInstance.newInstanceCreated id=urn:ogf:network:example.net:2013:linkA:YX status=0 guid=bbdcd442-e3cb-4efb-ad49-348b156cd90d
ts=2013-07-05T17:47:08.719Z level=TRACE event=RecordsCollection.linkInstance.end id=urn:ogf:network:example.net:2013:linkA:YX status=0 guid=bbdcd442-e3cb-4efb-ad49-348b156cd90d
ts=2013-07-05T17:47:08.719Z level=TRACE event=NMLVisitor.visit.LinkType.end status=0 guid=bbdcd442-e3cb-4efb-ad49-348b156cd90d
ts=2013-07-05T17:47:08.719Z level=DEBUG event=VisitorTest.testVisitBidirectionalLinkType.end status=0 guid=bbdcd442-e3cb-4efb-ad49-348b156cd90d
ts=2013-07-05T17:47:08.719Z level=DEBUG event=VisitorTest.testVisitTopologyType.start guid=230bcfaa-f634-4126-b932-d3c6195cbf7e
ts=2013-07-05T17:47:08.810Z level=TRACE event=NMLVisitor.visit.Body.start guid=230bcfaa-f634-4126-b932-d3c6195cbf7e
ts=2013-07-05T17:47:08.811Z level=TRACE event=NMLVisitor.visit.Body.end status=0 guid=230bcfaa-f634-4126-b932-d3c6195cbf7e
ts=2013-07-05T17:47:08.811Z level=TRACE event=NMLVisitor.visit.TopologyType.start id=urn:ogf:network:example.net:2013:org guid=230bcfaa-f634-4126-b932-d3c6195cbf7e
ts=2013-07-05T17:47:08.811Z level=TRACE event=RecordsCollection.topologyInstance.start id=urn:ogf:network:example.net:2013:org guid=230bcfaa-f634-4126-b932-d3c6195cbf7e
ts=2013-07-05T17:47:08.811Z level=TRACE event=RecordsCollection.topologyInstance.newInstanceCreated id=urn:ogf:network:example.net:2013:org status=0 guid=230bcfaa-f634-4126-b932-d3c6195cbf7e
ts=2013-07-05T17:47:08.811Z level=TRACE event=RecordsCollection.topologyInstance.end id=urn:ogf:network:example.net:2013:org status=0 guid=230bcfaa-f634-4126-b932-d3c6195cbf7e
ts=2013-07-05T17:47:08.812Z level=TRACE event=NMLVisitor.visit.TopologyType.end status=0 guid=230bcfaa-f634-4126-b932-d3c6195cbf7e
ts=2013-07-05T17:47:08.812Z level=TRACE event=NMLVisitor.visit.LinkType.start id=urn:ogf:network:example.net:2013:linkA guid=230bcfaa-f634-4126-b932-d3c6195cbf7e
ts=2013-07-05T17:47:08.812Z level=TRACE event=RecordsCollection.linkInstance.start id=urn:ogf:network:example.net:2013:linkA guid=230bcfaa-f634-4126-b932-d3c6195cbf7e
ts=2013-07-05T17:47:08.812Z level=TRACE event=RecordsCollection.linkInstance.newInstanceCreated id=urn:ogf:network:example.net:2013:linkA status=0 guid=230bcfaa-f634-4126-b932-d3c6195cbf7e
ts=2013-07-05T17:47:08.812Z level=TRACE event=RecordsCollection.linkInstance.end id=urn:ogf:network:example.net:2013:linkA status=0 guid=230bcfaa-f634-4126-b932-d3c6195cbf7e
ts=2013-07-05T17:47:08.812Z level=TRACE event=NMLVisitor.visit.LinkType.end status=0 guid=230bcfaa-f634-4126-b932-d3c6195cbf7e
ts=2013-07-05T17:47:08.812Z level=TRACE event=NMLVisitor.visit.PortType.start id=urn:ogf:network:example.net:2013:portA guid=230bcfaa-f634-4126-b932-d3c6195cbf7e
ts=2013-07-05T17:47:08.812Z level=TRACE event=RecordsCollection.portInstance.start id=urn:ogf:network:example.net:2013:portA guid=230bcfaa-f634-4126-b932-d3c6195cbf7e
ts=2013-07-05T17:47:08.812Z level=TRACE event=RecordsCollection.portInstance.newInstanceCreated id=urn:ogf:network:example.net:2013:portA status=0 guid=230bcfaa-f634-4126-b932-d3c6195cbf7e
ts=2013-07-05T17:47:08.812Z level=TRACE event=RecordsCollection.portInstance.end id=urn:ogf:network:example.net:2013:portA status=0 guid=230bcfaa-f634-4126-b932-d3c6195cbf7e
ts=2013-07-05T17:47:08.812Z level=TRACE event=NMLVisitor.visit.PortType.end status=0 guid=230bcfaa-f634-4126-b932-d3c6195cbf7e
ts=2013-07-05T17:47:08.812Z level=TRACE event=NMLVisitor.visit.LinkType.start id=urn:ogf:network:example.net:2013:linkA guid=230bcfaa-f634-4126-b932-d3c6195cbf7e
ts=2013-07-05T17:47:08.812Z level=TRACE event=RecordsCollection.linkInstance.start id=urn:ogf:network:example.net:2013:linkA guid=230bcfaa-f634-4126-b932-d3c6195cbf7e
ts=2013-07-05T17:47:08.812Z level=TRACE event=RecordsCollection.linkInstance.end id=urn:ogf:network:example.net:2013:linkA status=0 guid=230bcfaa-f634-4126-b932-d3c6195cbf7e
ts=2013-07-05T17:47:08.812Z level=TRACE event=NMLVisitor.visit.LinkType.end status=0 guid=230bcfaa-f634-4126-b932-d3c6195cbf7e
ts=2013-07-05T17:47:08.812Z level=TRACE event=NMLVisitor.visit.PortType.start id=urn:ogf:network:example.net:2013:portB guid=230bcfaa-f634-4126-b932-d3c6195cbf7e
ts=2013-07-05T17:47:08.812Z level=TRACE event=RecordsCollection.portInstance.start id=urn:ogf:network:example.net:2013:portB guid=230bcfaa-f634-4126-b932-d3c6195cbf7e
ts=2013-07-05T17:47:08.813Z level=TRACE event=RecordsCollection.portInstance.newInstanceCreated id=urn:ogf:network:example.net:2013:portB status=0 guid=230bcfaa-f634-4126-b932-d3c6195cbf7e
ts=2013-07-05T17:47:08.813Z level=TRACE event=RecordsCollection.portInstance.end id=urn:ogf:network:example.net:2013:portB status=0 guid=230bcfaa-f634-4126-b932-d3c6195cbf7e
ts=2013-07-05T17:47:08.813Z level=TRACE event=NMLVisitor.visit.PortType.end status=0 guid=230bcfaa-f634-4126-b932-d3c6195cbf7e
ts=2013-07-05T17:47:08.813Z level=TRACE event=NMLVisitor.visit.LinkType.start id=urn:ogf:network:example.net:2013:linkA guid=230bcfaa-f634-4126-b932-d3c6195cbf7e
ts=2013-07-05T17:47:08.813Z level=TRACE event=RecordsCollection.linkInstance.start id=urn:ogf:network:example.net:2013:linkA guid=230bcfaa-f634-4126-b932-d3c6195cbf7e
ts=2013-07-05T17:47:08.813Z level=TRACE event=RecordsCollection.linkInstance.end id=urn:ogf:network:example.net:2013:linkA status=0 guid=230bcfaa-f634-4126-b932-d3c6195cbf7e
ts=2013-07-05T17:47:08.813Z level=TRACE event=NMLVisitor.visit.LinkType.end status=0 guid=230bcfaa-f634-4126-b932-d3c6195cbf7e
ts=2013-07-05T17:47:08.813Z level=TRACE event=NMLVisitor.visit.PortType.start id=urn:ogf:network:example.net:2013:portC:in guid=230bcfaa-f634-4126-b932-d3c6195cbf7e
ts=2013-07-05T17:47:08.813Z level=TRACE event=RecordsCollection.portInstance.start id=urn:ogf:network:example.net:2013:portC:in guid=230bcfaa-f634-4126-b932-d3c6195cbf7e
ts=2013-07-05T17:47:08.813Z level=TRACE event=RecordsCollection.portInstance.newInstanceCreated id=urn:ogf:network:example.net:2013:portC:in status=0 guid=230bcfaa-f634-4126-b932-d3c6195cbf7e
ts=2013-07-05T17:47:08.813Z level=TRACE event=RecordsCollection.portInstance.end id=urn:ogf:network:example.net:2013:portC:in status=0 guid=230bcfaa-f634-4126-b932-d3c6195cbf7e
ts=2013-07-05T17:47:08.813Z level=TRACE event=NMLVisitor.visit.PortType.end status=0 guid=230bcfaa-f634-4126-b932-d3c6195cbf7e
ts=2013-07-05T17:47:08.813Z level=TRACE event=NMLVisitor.visit.PortType.start id=urn:ogf:network:example.net:2013:portC:out guid=230bcfaa-f634-4126-b932-d3c6195cbf7e
ts=2013-07-05T17:47:08.813Z level=TRACE event=RecordsCollection.portInstance.start id=urn:ogf:network:example.net:2013:portC:out guid=230bcfaa-f634-4126-b932-d3c6195cbf7e
ts=2013-07-05T17:47:08.813Z level=TRACE event=RecordsCollection.portInstance.newInstanceCreated id=urn:ogf:network:example.net:2013:portC:out status=0 guid=230bcfaa-f634-4126-b932-d3c6195cbf7e
ts=2013-07-05T17:47:08.813Z level=TRACE event=RecordsCollection.portInstance.end id=urn:ogf:network:example.net:2013:portC:out status=0 guid=230bcfaa-f634-4126-b932-d3c6195cbf7e
ts=2013-07-05T17:47:08.813Z level=TRACE event=NMLVisitor.visit.PortType.end status=0 guid=230bcfaa-f634-4126-b932-d3c6195cbf7e
ts=2013-07-05T17:47:08.813Z level=TRACE event=NMLVisitor.visit.PortType.start id=urn:ogf:network:example.net:2013:portD:in guid=230bcfaa-f634-4126-b932-d3c6195cbf7e
ts=2013-07-05T17:47:08.814Z level=TRACE event=RecordsCollection.portInstance.start id=urn:ogf:network:example.net:2013:portD:in guid=230bcfaa-f634-4126-b932-d3c6195cbf7e
ts=2013-07-05T17:47:08.814Z level=TRACE event=RecordsCollection.portInstance.newInstanceCreated id=urn:ogf:network:example.net:2013:portD:in status=0 guid=230bcfaa-f634-4126-b932-d3c6195cbf7e
ts=2013-07-05T17:47:08.814Z level=TRACE event=RecordsCollection.portInstance.end id=urn:ogf:network:example.net:2013:portD:in status=0 guid=230bcfaa-f634-4126-b932-d3c6195cbf7e
ts=2013-07-05T17:47:08.814Z level=TRACE event=NMLVisitor.visit.PortType.end status=0 guid=230bcfaa-f634-4126-b932-d3c6195cbf7e
ts=2013-07-05T17:47:08.814Z level=TRACE event=NMLVisitor.visit.PortType.start id=urn:ogf:network:example.net:2013:portD:out guid=230bcfaa-f634-4126-b932-d3c6195cbf7e
ts=2013-07-05T17:47:08.814Z level=TRACE event=RecordsCollection.portInstance.start id=urn:ogf:network:example.net:2013:portD:out guid=230bcfaa-f634-4126-b932-d3c6195cbf7e
ts=2013-07-05T17:47:08.814Z level=TRACE event=RecordsCollection.portInstance.newInstanceCreated id=urn:ogf:network:example.net:2013:portD:out status=0 guid=230bcfaa-f634-4126-b932-d3c6195cbf7e
ts=2013-07-05T17:47:08.814Z level=TRACE event=RecordsCollection.portInstance.end id=urn:ogf:network:example.net:2013:portD:out status=0 guid=230bcfaa-f634-4126-b932-d3c6195cbf7e
ts=2013-07-05T17:47:08.814Z level=TRACE event=NMLVisitor.visit.PortType.end status=0 guid=230bcfaa-f634-4126-b932-d3c6195cbf7e
ts=2013-07-05T17:47:08.814Z level=TRACE event=NMLVisitor.visit.NodeType.start id=urn:ogf:network:example.net:2013:nodeA guid=230bcfaa-f634-4126-b932-d3c6195cbf7e
ts=2013-07-05T17:47:08.814Z level=TRACE event=RecordsCollection.nodeInstance.start id=urn:ogf:network:example.net:2013:nodeA guid=230bcfaa-f634-4126-b932-d3c6195cbf7e
ts=2013-07-05T17:47:08.814Z level=TRACE event=RecordsCollection.nodeInstance.newInstanceCreated id=urn:ogf:network:example.net:2013:nodeA status=0 guid=230bcfaa-f634-4126-b932-d3c6195cbf7e
ts=2013-07-05T17:47:08.814Z level=TRACE event=RecordsCollection.nodeInstance.end id=urn:ogf:network:example.net:2013:nodeA status=0 guid=230bcfaa-f634-4126-b932-d3c6195cbf7e
ts=2013-07-05T17:47:08.814Z level=TRACE event=NMLVisitor.visit.NodeType.end status=0 guid=230bcfaa-f634-4126-b932-d3c6195cbf7e
ts=2013-07-05T17:47:08.814Z level=TRACE event=NMLVisitor.visit.PortType.start id=urn:ogf:network:example.net:2013:portA guid=230bcfaa-f634-4126-b932-d3c6195cbf7e
ts=2013-07-05T17:47:08.814Z level=TRACE event=RecordsCollection.portInstance.start id=urn:ogf:network:example.net:2013:portA guid=230bcfaa-f634-4126-b932-d3c6195cbf7e
ts=2013-07-05T17:47:08.815Z level=TRACE event=RecordsCollection.portInstance.end id=urn:ogf:network:example.net:2013:portA status=0 guid=230bcfaa-f634-4126-b932-d3c6195cbf7e
ts=2013-07-05T17:47:08.815Z level=TRACE event=NMLVisitor.visit.PortType.end status=0 guid=230bcfaa-f634-4126-b932-d3c6195cbf7e
ts=2013-07-05T17:47:08.815Z level=TRACE event=NMLVisitor.visit.BidirectionalPortType.start id=urn:ogf:network:example.net:2013:portC guid=230bcfaa-f634-4126-b932-d3c6195cbf7e
ts=2013-07-05T17:47:08.815Z level=TRACE event=RecordsCollection.bidirectionalPortInstance.start id=urn:ogf:network:example.net:2013:portC guid=230bcfaa-f634-4126-b932-d3c6195cbf7e
ts=2013-07-05T17:47:08.815Z level=TRACE event=RecordsCollection.bidirectionalPortInstance.newInstanceCreated id=urn:ogf:network:example.net:2013:portC status=0 guid=230bcfaa-f634-4126-b932-d3c6195cbf7e
ts=2013-07-05T17:47:08.815Z level=TRACE event=RecordsCollection.bidirectionalPortInstance.end id=urn:ogf:network:example.net:2013:portC status=0 guid=230bcfaa-f634-4126-b932-d3c6195cbf7e
ts=2013-07-05T17:47:08.815Z level=TRACE event=NMLVisitor.visit.BidirectionalPortType.end status=0 guid=230bcfaa-f634-4126-b932-d3c6195cbf7e
ts=2013-07-05T17:47:08.815Z level=TRACE event=NMLVisitor.visit.PortType.start id=urn:ogf:network:example.net:2013:portC:out guid=230bcfaa-f634-4126-b932-d3c6195cbf7e
ts=2013-07-05T17:47:08.815Z level=TRACE event=RecordsCollection.portInstance.start id=urn:ogf:network:example.net:2013:portC:out guid=230bcfaa-f634-4126-b932-d3c6195cbf7e
ts=2013-07-05T17:47:08.815Z level=TRACE event=RecordsCollection.portInstance.end id=urn:ogf:network:example.net:2013:portC:out status=0 guid=230bcfaa-f634-4126-b932-d3c6195cbf7e
ts=2013-07-05T17:47:08.815Z level=TRACE event=NMLVisitor.visit.PortType.end status=0 guid=230bcfaa-f634-4126-b932-d3c6195cbf7e
ts=2013-07-05T17:47:08.815Z level=TRACE event=NMLVisitor.visit.PortType.start id=urn:ogf:network:example.net:2013:portC:in guid=230bcfaa-f634-4126-b932-d3c6195cbf7e
ts=2013-07-05T17:47:08.815Z level=TRACE event=RecordsCollection.portInstance.start id=urn:ogf:network:example.net:2013:portC:in guid=230bcfaa-f634-4126-b932-d3c6195cbf7e
ts=2013-07-05T17:47:08.815Z level=TRACE event=RecordsCollection.portInstance.end id=urn:ogf:network:example.net:2013:portC:in status=0 guid=230bcfaa-f634-4126-b932-d3c6195cbf7e
ts=2013-07-05T17:47:08.815Z level=TRACE event=NMLVisitor.visit.PortType.end status=0 guid=230bcfaa-f634-4126-b932-d3c6195cbf7e
ts=2013-07-05T17:47:08.815Z level=TRACE event=NMLVisitor.visit.BidirectionalPortType.start id=urn:ogf:network:example.net:2013:portD guid=230bcfaa-f634-4126-b932-d3c6195cbf7e
ts=2013-07-05T17:47:08.815Z level=TRACE event=RecordsCollection.bidirectionalPortInstance.start id=urn:ogf:network:example.net:2013:portD guid=230bcfaa-f634-4126-b932-d3c6195cbf7e
ts=2013-07-05T17:47:08.815Z level=TRACE event=RecordsCollection.bidirectionalPortInstance.newInstanceCreated id=urn:ogf:network:example.net:2013:portD status=0 guid=230bcfaa-f634-4126-b932-d3c6195cbf7e
ts=2013-07-05T17:47:08.816Z level=TRACE event=RecordsCollection.bidirectionalPortInstance.end id=urn:ogf:network:example.net:2013:portD status=0 guid=230bcfaa-f634-4126-b932-d3c6195cbf7e
ts=2013-07-05T17:47:08.816Z level=TRACE event=NMLVisitor.visit.BidirectionalPortType.end status=0 guid=230bcfaa-f634-4126-b932-d3c6195cbf7e
ts=2013-07-05T17:47:08.816Z level=TRACE event=NMLVisitor.visit.PortType.start id=urn:ogf:network:example.net:2013:portD:out guid=230bcfaa-f634-4126-b932-d3c6195cbf7e
ts=2013-07-05T17:47:08.816Z level=TRACE event=RecordsCollection.portInstance.start id=urn:ogf:network:example.net:2013:portD:out guid=230bcfaa-f634-4126-b932-d3c6195cbf7e
ts=2013-07-05T17:47:08.816Z level=TRACE event=RecordsCollection.portInstance.end id=urn:ogf:network:example.net:2013:portD:out status=0 guid=230bcfaa-f634-4126-b932-d3c6195cbf7e
ts=2013-07-05T17:47:08.816Z level=TRACE event=NMLVisitor.visit.PortType.end status=0 guid=230bcfaa-f634-4126-b932-d3c6195cbf7e
ts=2013-07-05T17:47:08.816Z level=TRACE event=NMLVisitor.visit.PortType.start id=urn:ogf:network:example.net:2013:portD:in guid=230bcfaa-f634-4126-b932-d3c6195cbf7e
ts=2013-07-05T17:47:08.816Z level=TRACE event=RecordsCollection.portInstance.start id=urn:ogf:network:example.net:2013:portD:in guid=230bcfaa-f634-4126-b932-d3c6195cbf7e
ts=2013-07-05T17:47:08.816Z level=TRACE event=RecordsCollection.portInstance.end id=urn:ogf:network:example.net:2013:portD:in status=0 guid=230bcfaa-f634-4126-b932-d3c6195cbf7e
ts=2013-07-05T17:47:08.816Z level=TRACE event=NMLVisitor.visit.PortType.end status=0 guid=230bcfaa-f634-4126-b932-d3c6195cbf7e
ts=2013-07-05T17:47:08.816Z level=TRACE event=NMLVisitor.visit.BidirectionalLinkType.start id=urn:ogf:network:example.net:2013:linkBidir guid=230bcfaa-f634-4126-b932-d3c6195cbf7e
ts=2013-07-05T17:47:08.816Z level=TRACE event=RecordsCollection.bidirectionalLinkInstance.start id=urn:ogf:network:example.net:2013:linkBidir guid=230bcfaa-f634-4126-b932-d3c6195cbf7e
ts=2013-07-05T17:47:08.816Z level=TRACE event=RecordsCollection.bidirectionalLinkInstance.newInstanceCreated id=urn:ogf:network:example.net:2013:linkBidir status=0 guid=230bcfaa-f634-4126-b932-d3c6195cbf7e
ts=2013-07-05T17:47:08.816Z level=TRACE event=RecordsCollection.bidirectionalLinkInstance.end id=urn:ogf:network:example.net:2013:linkBidir status=0 guid=230bcfaa-f634-4126-b932-d3c6195cbf7e
ts=2013-07-05T17:47:08.816Z level=TRACE event=NMLVisitor.visit.BidirectionalLinkType.end status=0 guid=230bcfaa-f634-4126-b932-d3c6195cbf7e
ts=2013-07-05T17:47:08.816Z level=TRACE event=NMLVisitor.visit.LinkType.start id=urn:ogf:network:example.net:2013:linkA guid=230bcfaa-f634-4126-b932-d3c6195cbf7e
ts=2013-07-05T17:47:08.816Z level=TRACE event=RecordsCollection.linkInstance.start id=urn:ogf:network:example.net:2013:linkA guid=230bcfaa-f634-4126-b932-d3c6195cbf7e
ts=2013-07-05T17:47:08.816Z level=TRACE event=RecordsCollection.linkInstance.end id=urn:ogf:network:example.net:2013:linkA status=0 guid=230bcfaa-f634-4126-b932-d3c6195cbf7e
ts=2013-07-05T17:47:08.817Z level=TRACE event=NMLVisitor.visit.LinkType.end status=0 guid=230bcfaa-f634-4126-b932-d3c6195cbf7e
ts=2013-07-05T17:47:08.817Z level=TRACE event=NMLVisitor.visit.LinkType.start id=urn:ogf:network:example.net:2013:linkB guid=230bcfaa-f634-4126-b932-d3c6195cbf7e
ts=2013-07-05T17:47:08.817Z level=TRACE event=RecordsCollection.linkInstance.start id=urn:ogf:network:example.net:2013:linkB guid=230bcfaa-f634-4126-b932-d3c6195cbf7e
ts=2013-07-05T17:47:08.817Z level=TRACE event=RecordsCollection.linkInstance.newInstanceCreated id=urn:ogf:network:example.net:2013:linkB status=0 guid=230bcfaa-f634-4126-b932-d3c6195cbf7e
ts=2013-07-05T17:47:08.817Z level=TRACE event=RecordsCollection.linkInstance.end id=urn:ogf:network:example.net:2013:linkB status=0 guid=230bcfaa-f634-4126-b932-d3c6195cbf7e
ts=2013-07-05T17:47:08.817Z level=TRACE event=NMLVisitor.visit.LinkType.end status=0 guid=230bcfaa-f634-4126-b932-d3c6195cbf7e
ts=2013-07-05T17:47:08.817Z level=TRACE event=NMLVisitor.visit.PortGroupType.start id=urn:ogf:network:example.net:2013:portGroupA guid=230bcfaa-f634-4126-b932-d3c6195cbf7e
ts=2013-07-05T17:47:08.817Z level=TRACE event=RecordsCollection.portGroupInstance.start id=urn:ogf:network:example.net:2013:portGroupA guid=230bcfaa-f634-4126-b932-d3c6195cbf7e
ts=2013-07-05T17:47:08.817Z level=TRACE event=RecordsCollection.portGroupInstance.newInstanceCreated id=urn:ogf:network:example.net:2013:portGroupA status=0 guid=230bcfaa-f634-4126-b932-d3c6195cbf7e
ts=2013-07-05T17:47:08.817Z level=TRACE event=RecordsCollection.portGroupInstance.end id=urn:ogf:network:example.net:2013:portGroupA status=0 guid=230bcfaa-f634-4126-b932-d3c6195cbf7e
ts=2013-07-05T17:47:08.817Z level=TRACE event=NMLVisitor.visit.PortGroupType.end status=0 guid=230bcfaa-f634-4126-b932-d3c6195cbf7e
ts=2013-07-05T17:47:08.817Z level=TRACE event=NMLVisitor.visit.LinkGroupType.start id=urn:ogf:network:example.net:2013:linkGroupA guid=230bcfaa-f634-4126-b932-d3c6195cbf7e
ts=2013-07-05T17:47:08.817Z level=TRACE event=RecordsCollection.linkGroupInstance.start id=urn:ogf:network:example.net:2013:linkGroupA guid=230bcfaa-f634-4126-b932-d3c6195cbf7e
ts=2013-07-05T17:47:08.817Z level=TRACE event=RecordsCollection.linkGroupInstance.newInstanceCreated id=urn:ogf:network:example.net:2013:linkGroupA status=0 guid=230bcfaa-f634-4126-b932-d3c6195cbf7e
ts=2013-07-05T17:47:08.817Z level=TRACE event=RecordsCollection.linkGroupInstance.end id=urn:ogf:network:example.net:2013:linkGroupA status=0 guid=230bcfaa-f634-4126-b932-d3c6195cbf7e
ts=2013-07-05T17:47:08.818Z level=TRACE event=NMLVisitor.visit.LinkGroupType.end status=0 guid=230bcfaa-f634-4126-b932-d3c6195cbf7e
ts=2013-07-05T17:47:08.818Z level=TRACE event=NMLVisitor.visit.TopologyType.start id=urn:ogf:network:example.net:2013:topologyA guid=230bcfaa-f634-4126-b932-d3c6195cbf7e
ts=2013-07-05T17:47:08.818Z level=TRACE event=RecordsCollection.topologyInstance.start id=urn:ogf:network:example.net:2013:topologyA guid=230bcfaa-f634-4126-b932-d3c6195cbf7e
ts=2013-07-05T17:47:08.818Z level=TRACE event=RecordsCollection.topologyInstance.newInstanceCreated id=urn:ogf:network:example.net:2013:topologyA status=0 guid=230bcfaa-f634-4126-b932-d3c6195cbf7e
ts=2013-07-05T17:47:08.818Z level=TRACE event=RecordsCollection.topologyInstance.end id=urn:ogf:network:example.net:2013:topologyA status=0 guid=230bcfaa-f634-4126-b932-d3c6195cbf7e
ts=2013-07-05T17:47:08.818Z level=TRACE event=NMLVisitor.visit.TopologyType.end status=0 guid=230bcfaa-f634-4126-b932-d3c6195cbf7e
ts=2013-07-05T17:47:08.818Z level=TRACE event=NMLVisitor.visit.PortType.start id=urn:ogf:network:example.net:2013:portC:in guid=230bcfaa-f634-4126-b932-d3c6195cbf7e
ts=2013-07-05T17:47:08.818Z level=TRACE event=RecordsCollection.portInstance.start id=urn:ogf:network:example.net:2013:portC:in guid=230bcfaa-f634-4126-b932-d3c6195cbf7e
ts=2013-07-05T17:47:08.818Z level=TRACE event=RecordsCollection.portInstance.end id=urn:ogf:network:example.net:2013:portC:in status=0 guid=230bcfaa-f634-4126-b932-d3c6195cbf7e
ts=2013-07-05T17:47:08.818Z level=TRACE event=NMLVisitor.visit.PortType.end status=0 guid=230bcfaa-f634-4126-b932-d3c6195cbf7e
ts=2013-07-05T17:47:08.818Z level=TRACE event=NMLVisitor.visit.PortType.start id=urn:ogf:network:example.net:2013:portD:in guid=230bcfaa-f634-4126-b932-d3c6195cbf7e
ts=2013-07-05T17:47:08.818Z level=TRACE event=RecordsCollection.portInstance.start id=urn:ogf:network:example.net:2013:portD:in guid=230bcfaa-f634-4126-b932-d3c6195cbf7e
ts=2013-07-05T17:47:08.818Z level=TRACE event=RecordsCollection.portInstance.end id=urn:ogf:network:example.net:2013:portD:in status=0 guid=230bcfaa-f634-4126-b932-d3c6195cbf7e
ts=2013-07-05T17:47:08.819Z level=TRACE event=NMLVisitor.visit.PortType.end status=0 guid=230bcfaa-f634-4126-b932-d3c6195cbf7e
ts=2013-07-05T17:47:08.819Z level=TRACE event=NMLVisitor.visit.PortType.start id=urn:ogf:network:example.net:2013:portC:out guid=230bcfaa-f634-4126-b932-d3c6195cbf7e
ts=2013-07-05T17:47:08.819Z level=TRACE event=RecordsCollection.portInstance.start id=urn:ogf:network:example.net:2013:portC:out guid=230bcfaa-f634-4126-b932-d3c6195cbf7e
ts=2013-07-05T17:47:08.819Z level=TRACE event=RecordsCollection.portInstance.end id=urn:ogf:network:example.net:2013:portC:out status=0 guid=230bcfaa-f634-4126-b932-d3c6195cbf7e
ts=2013-07-05T17:47:08.819Z level=TRACE event=NMLVisitor.visit.PortType.end status=0 guid=230bcfaa-f634-4126-b932-d3c6195cbf7e
ts=2013-07-05T17:47:08.819Z level=TRACE event=NMLVisitor.visit.PortType.start id=urn:ogf:network:example.net:2013:portD:out guid=230bcfaa-f634-4126-b932-d3c6195cbf7e
ts=2013-07-05T17:47:08.819Z level=TRACE event=RecordsCollection.portInstance.start id=urn:ogf:network:example.net:2013:portD:out guid=230bcfaa-f634-4126-b932-d3c6195cbf7e
ts=2013-07-05T17:47:08.819Z level=TRACE event=RecordsCollection.portInstance.end id=urn:ogf:network:example.net:2013:portD:out status=0 guid=230bcfaa-f634-4126-b932-d3c6195cbf7e
ts=2013-07-05T17:47:08.819Z level=TRACE event=NMLVisitor.visit.PortType.end status=0 guid=230bcfaa-f634-4126-b932-d3c6195cbf7e
ts=2013-07-05T17:47:08.819Z level=DEBUG event=VisitorTest.testVisitTopologyType.end status=0 guid=230bcfaa-f634-4126-b932-d3c6195cbf7e
ts=2013-07-05T17:47:08.820Z level=DEBUG event=VisitorTest.testVisitPortType.start guid=01f81dca-c526-403b-98ed-7457f1bcc232
ts=2013-07-05T17:47:08.905Z level=TRACE event=NMLVisitor.visit.Body.start guid=01f81dca-c526-403b-98ed-7457f1bcc232
ts=2013-07-05T17:47:08.905Z level=TRACE event=NMLVisitor.visit.Body.end status=0 guid=01f81dca-c526-403b-98ed-7457f1bcc232
ts=2013-07-05T17:47:08.905Z level=TRACE event=NMLVisitor.visit.PortType.start id=urn:ogf:network:example.net:2013:portA guid=01f81dca-c526-403b-98ed-7457f1bcc232
ts=2013-07-05T17:47:08.905Z level=TRACE event=RecordsCollection.portInstance.start id=urn:ogf:network:example.net:2013:portA guid=01f81dca-c526-403b-98ed-7457f1bcc232
ts=2013-07-05T17:47:08.905Z level=TRACE event=RecordsCollection.portInstance.newInstanceCreated id=urn:ogf:network:example.net:2013:portA status=0 guid=01f81dca-c526-403b-98ed-7457f1bcc232
ts=2013-07-05T17:47:08.906Z level=TRACE event=RecordsCollection.portInstance.end id=urn:ogf:network:example.net:2013:portA status=0 guid=01f81dca-c526-403b-98ed-7457f1bcc232
ts=2013-07-05T17:47:08.906Z level=TRACE event=NMLVisitor.visit.PortType.end status=0 guid=01f81dca-c526-403b-98ed-7457f1bcc232
ts=2013-07-05T17:47:08.906Z level=TRACE event=NMLVisitor.visit.LinkType.start id=urn:ogf:network:example.net:2013:linkA guid=01f81dca-c526-403b-98ed-7457f1bcc232
ts=2013-07-05T17:47:08.906Z level=TRACE event=RecordsCollection.linkInstance.start id=urn:ogf:network:example.net:2013:linkA guid=01f81dca-c526-403b-98ed-7457f1bcc232
ts=2013-07-05T17:47:08.906Z level=TRACE event=RecordsCollection.linkInstance.newInstanceCreated id=urn:ogf:network:example.net:2013:linkA status=0 guid=01f81dca-c526-403b-98ed-7457f1bcc232
ts=2013-07-05T17:47:08.906Z level=TRACE event=RecordsCollection.linkInstance.end id=urn:ogf:network:example.net:2013:linkA status=0 guid=01f81dca-c526-403b-98ed-7457f1bcc232
ts=2013-07-05T17:47:08.906Z level=TRACE event=NMLVisitor.visit.LinkType.end status=0 guid=01f81dca-c526-403b-98ed-7457f1bcc232
ts=2013-07-05T17:47:08.906Z level=DEBUG event=VisitorTest.testVisitPortType.end status=0 guid=01f81dca-c526-403b-98ed-7457f1bcc232
ts=2013-07-05T17:47:08.906Z level=DEBUG event=VisitorTest.testVisitLinkGroupType.start guid=0a86b542-e5af-4f1f-90e8-0e55a36d7bb1
ts=2013-07-05T17:47:08.991Z level=TRACE event=NMLVisitor.visit.Body.start guid=0a86b542-e5af-4f1f-90e8-0e55a36d7bb1
ts=2013-07-05T17:47:08.991Z level=TRACE event=NMLVisitor.visit.Body.end status=0 guid=0a86b542-e5af-4f1f-90e8-0e55a36d7bb1
ts=2013-07-05T17:47:08.991Z level=TRACE event=NMLVisitor.visit.LinkGroupType.start id=urn:ogf:network:example.net:2013:linkGroup guid=0a86b542-e5af-4f1f-90e8-0e55a36d7bb1
ts=2013-07-05T17:47:08.991Z level=TRACE event=RecordsCollection.linkGroupInstance.start id=urn:ogf:network:example.net:2013:linkGroup guid=0a86b542-e5af-4f1f-90e8-0e55a36d7bb1
ts=2013-07-05T17:47:08.991Z level=TRACE event=RecordsCollection.linkGroupInstance.newInstanceCreated id=urn:ogf:network:example.net:2013:linkGroup status=0 guid=0a86b542-e5af-4f1f-90e8-0e55a36d7bb1
ts=2013-07-05T17:47:08.991Z level=TRACE event=RecordsCollection.linkGroupInstance.end id=urn:ogf:network:example.net:2013:linkGroup status=0 guid=0a86b542-e5af-4f1f-90e8-0e55a36d7bb1
ts=2013-07-05T17:47:08.991Z level=TRACE event=RecordsCollection.linkInstance.start id=urn:ogf:network:example.net:2013:linkA:XY guid=0a86b542-e5af-4f1f-90e8-0e55a36d7bb1
ts=2013-07-05T17:47:08.991Z level=TRACE event=RecordsCollection.linkInstance.newInstanceCreated id=urn:ogf:network:example.net:2013:linkA:XY status=0 guid=0a86b542-e5af-4f1f-90e8-0e55a36d7bb1
ts=2013-07-05T17:47:08.991Z level=TRACE event=RecordsCollection.linkInstance.end id=urn:ogf:network:example.net:2013:linkA:XY status=0 guid=0a86b542-e5af-4f1f-90e8-0e55a36d7bb1
ts=2013-07-05T17:47:08.991Z level=TRACE event=RecordsCollection.linkInstance.start id=urn:ogf:network:example.net:2013:linkA:YX guid=0a86b542-e5af-4f1f-90e8-0e55a36d7bb1
ts=2013-07-05T17:47:08.991Z level=TRACE event=RecordsCollection.linkInstance.newInstanceCreated id=urn:ogf:network:example.net:2013:linkA:YX status=0 guid=0a86b542-e5af-4f1f-90e8-0e55a36d7bb1
ts=2013-07-05T17:47:08.991Z level=TRACE event=RecordsCollection.linkInstance.end id=urn:ogf:network:example.net:2013:linkA:YX status=0 guid=0a86b542-e5af-4f1f-90e8-0e55a36d7bb1
ts=2013-07-05T17:47:08.991Z level=TRACE event=RecordsCollection.linkGroupInstance.start id=urn:ogf:network:example.net:2013:linkGroupB guid=0a86b542-e5af-4f1f-90e8-0e55a36d7bb1
ts=2013-07-05T17:47:08.992Z level=TRACE event=RecordsCollection.linkGroupInstance.newInstanceCreated id=urn:ogf:network:example.net:2013:linkGroupB status=0 guid=0a86b542-e5af-4f1f-90e8-0e55a36d7bb1
ts=2013-07-05T17:47:08.992Z level=TRACE event=RecordsCollection.linkGroupInstance.end id=urn:ogf:network:example.net:2013:linkGroupB status=0 guid=0a86b542-e5af-4f1f-90e8-0e55a36d7bb1
ts=2013-07-05T17:47:08.992Z level=TRACE event=NMLVisitor.visit.LinkGroupType.end status=0 guid=0a86b542-e5af-4f1f-90e8-0e55a36d7bb1
ts=2013-07-05T17:47:08.992Z level=TRACE event=NMLVisitor.visit.LinkType.start id=urn:ogf:network:example.net:2013:linkA:XY guid=0a86b542-e5af-4f1f-90e8-0e55a36d7bb1
ts=2013-07-05T17:47:08.992Z level=TRACE event=RecordsCollection.linkInstance.start id=urn:ogf:network:example.net:2013:linkA:XY guid=0a86b542-e5af-4f1f-90e8-0e55a36d7bb1
ts=2013-07-05T17:47:08.992Z level=TRACE event=RecordsCollection.linkInstance.end id=urn:ogf:network:example.net:2013:linkA:XY status=0 guid=0a86b542-e5af-4f1f-90e8-0e55a36d7bb1
ts=2013-07-05T17:47:08.992Z level=TRACE event=NMLVisitor.visit.LinkType.end status=0 guid=0a86b542-e5af-4f1f-90e8-0e55a36d7bb1
ts=2013-07-05T17:47:08.992Z level=TRACE event=NMLVisitor.visit.LinkType.start id=urn:ogf:network:example.net:2013:linkA:YX guid=0a86b542-e5af-4f1f-90e8-0e55a36d7bb1
ts=2013-07-05T17:47:08.992Z level=TRACE event=RecordsCollection.linkInstance.start id=urn:ogf:network:example.net:2013:linkA:YX guid=0a86b542-e5af-4f1f-90e8-0e55a36d7bb1
ts=2013-07-05T17:47:08.992Z level=TRACE event=RecordsCollection.linkInstance.end id=urn:ogf:network:example.net:2013:linkA:YX status=0 guid=0a86b542-e5af-4f1f-90e8-0e55a36d7bb1
ts=2013-07-05T17:47:08.992Z level=TRACE event=NMLVisitor.visit.LinkType.end status=0 guid=0a86b542-e5af-4f1f-90e8-0e55a36d7bb1
ts=2013-07-05T17:47:08.992Z level=TRACE event=NMLVisitor.visit.LinkGroupType.start id=urn:ogf:network:example.net:2013:linkGroupB guid=0a86b542-e5af-4f1f-90e8-0e55a36d7bb1
ts=2013-07-05T17:47:08.992Z level=TRACE event=RecordsCollection.linkGroupInstance.start id=urn:ogf:network:example.net:2013:linkGroupB guid=0a86b542-e5af-4f1f-90e8-0e55a36d7bb1
ts=2013-07-05T17:47:08.992Z level=TRACE event=RecordsCollection.linkGroupInstance.end id=urn:ogf:network:example.net:2013:linkGroupB status=0 guid=0a86b542-e5af-4f1f-90e8-0e55a36d7bb1
ts=2013-07-05T17:47:08.992Z level=TRACE event=NMLVisitor.visit.LinkGroupType.end status=0 guid=0a86b542-e5af-4f1f-90e8-0e55a36d7bb1
ts=2013-07-05T17:47:08.992Z level=TRACE event=NMLVisitor.visit.LinkGroupType.start id=urn:ogf:network:example.net:2013:linkA:YX guid=0a86b542-e5af-4f1f-90e8-0e55a36d7bb1
ts=2013-07-05T17:47:08.992Z level=TRACE event=RecordsCollection.linkGroupInstance.start id=urn:ogf:network:example.net:2013:linkA:YX guid=0a86b542-e5af-4f1f-90e8-0e55a36d7bb1
ts=2013-07-05T17:47:08.992Z level=TRACE event=RecordsCollection.linkGroupInstance.newInstanceCreated id=urn:ogf:network:example.net:2013:linkA:YX status=0 guid=0a86b542-e5af-4f1f-90e8-0e55a36d7bb1
ts=2013-07-05T17:47:08.992Z level=TRACE event=RecordsCollection.linkGroupInstance.end id=urn:ogf:network:example.net:2013:linkA:YX status=0 guid=0a86b542-e5af-4f1f-90e8-0e55a36d7bb1
ts=2013-07-05T17:47:08.993Z level=TRACE event=NMLVisitor.visit.LinkGroupType.end status=0 guid=0a86b542-e5af-4f1f-90e8-0e55a36d7bb1
ts=2013-07-05T17:47:08.993Z level=TRACE event=NMLVisitor.visit.LinkGroupType.start id=urn:ogf:network:example.net:2013:linkGroupC guid=0a86b542-e5af-4f1f-90e8-0e55a36d7bb1
ts=2013-07-05T17:47:08.993Z level=TRACE event=RecordsCollection.linkGroupInstance.start id=urn:ogf:network:example.net:2013:linkGroupC guid=0a86b542-e5af-4f1f-90e8-0e55a36d7bb1
ts=2013-07-05T17:47:08.993Z level=TRACE event=RecordsCollection.linkGroupInstance.newInstanceCreated id=urn:ogf:network:example.net:2013:linkGroupC status=0 guid=0a86b542-e5af-4f1f-90e8-0e55a36d7bb1
ts=2013-07-05T17:47:08.993Z level=TRACE event=RecordsCollection.linkGroupInstance.end id=urn:ogf:network:example.net:2013:linkGroupC status=0 guid=0a86b542-e5af-4f1f-90e8-0e55a36d7bb1
ts=2013-07-05T17:47:08.993Z level=TRACE event=NMLVisitor.visit.LinkGroupType.end status=0 guid=0a86b542-e5af-4f1f-90e8-0e55a36d7bb1
ts=2013-07-05T17:47:08.993Z level=DEBUG event=VisitorTest.testVisitLinkGroupType.end status=0 guid=0a86b542-e5af-4f1f-90e8-0e55a36d7bb1
ts=2013-07-05T17:47:08.993Z level=DEBUG event=VisitorTest.testVisitNodeType.start guid=51233c1a-c3fb-4e11-8d4a-3a63930f1204
ts=2013-07-05T17:47:09.080Z level=TRACE event=NMLVisitor.visit.Body.start guid=51233c1a-c3fb-4e11-8d4a-3a63930f1204
ts=2013-07-05T17:47:09.080Z level=TRACE event=NMLVisitor.visit.Body.end status=0 guid=51233c1a-c3fb-4e11-8d4a-3a63930f1204
ts=2013-07-05T17:47:09.080Z level=TRACE event=NMLVisitor.visit.NodeType.start id=urn:ogf:network:example.net:2013:nodeA guid=51233c1a-c3fb-4e11-8d4a-3a63930f1204
ts=2013-07-05T17:47:09.080Z level=TRACE event=RecordsCollection.nodeInstance.start id=urn:ogf:network:example.net:2013:nodeA guid=51233c1a-c3fb-4e11-8d4a-3a63930f1204
ts=2013-07-05T17:47:09.080Z level=TRACE event=RecordsCollection.nodeInstance.newInstanceCreated id=urn:ogf:network:example.net:2013:nodeA status=0 guid=51233c1a-c3fb-4e11-8d4a-3a63930f1204
ts=2013-07-05T17:47:09.080Z level=TRACE event=RecordsCollection.nodeInstance.end id=urn:ogf:network:example.net:2013:nodeA status=0 guid=51233c1a-c3fb-4e11-8d4a-3a63930f1204
ts=2013-07-05T17:47:09.080Z level=TRACE event=NMLVisitor.visit.NodeType.end status=0 guid=51233c1a-c3fb-4e11-8d4a-3a63930f1204
ts=2013-07-05T17:47:09.080Z level=TRACE event=NMLVisitor.visit.PortType.start id=urn:ogf:network:example.net:2013:nodeA:port_X:in guid=51233c1a-c3fb-4e11-8d4a-3a63930f1204
ts=2013-07-05T17:47:09.080Z level=TRACE event=RecordsCollection.portInstance.start id=urn:ogf:network:example.net:2013:nodeA:port_X:in guid=51233c1a-c3fb-4e11-8d4a-3a63930f1204
ts=2013-07-05T17:47:09.080Z level=TRACE event=RecordsCollection.portInstance.newInstanceCreated id=urn:ogf:network:example.net:2013:nodeA:port_X:in status=0 guid=51233c1a-c3fb-4e11-8d4a-3a63930f1204
ts=2013-07-05T17:47:09.080Z level=TRACE event=RecordsCollection.portInstance.end id=urn:ogf:network:example.net:2013:nodeA:port_X:in status=0 guid=51233c1a-c3fb-4e11-8d4a-3a63930f1204
ts=2013-07-05T17:47:09.080Z level=TRACE event=NMLVisitor.visit.PortType.end status=0 guid=51233c1a-c3fb-4e11-8d4a-3a63930f1204
ts=2013-07-05T17:47:09.080Z level=TRACE event=NMLVisitor.visit.PortType.start id=urn:ogf:network:example.net:2013:nodeA:port_Y:in guid=51233c1a-c3fb-4e11-8d4a-3a63930f1204
ts=2013-07-05T17:47:09.080Z level=TRACE event=RecordsCollection.portInstance.start id=urn:ogf:network:example.net:2013:nodeA:port_Y:in guid=51233c1a-c3fb-4e11-8d4a-3a63930f1204
ts=2013-07-05T17:47:09.081Z level=TRACE event=RecordsCollection.portInstance.newInstanceCreated id=urn:ogf:network:example.net:2013:nodeA:port_Y:in status=0 guid=51233c1a-c3fb-4e11-8d4a-3a63930f1204
ts=2013-07-05T17:47:09.081Z level=TRACE event=RecordsCollection.portInstance.end id=urn:ogf:network:example.net:2013:nodeA:port_Y:in status=0 guid=51233c1a-c3fb-4e11-8d4a-3a63930f1204
ts=2013-07-05T17:47:09.081Z level=TRACE event=NMLVisitor.visit.PortType.end status=0 guid=51233c1a-c3fb-4e11-8d4a-3a63930f1204
ts=2013-07-05T17:47:09.081Z level=TRACE event=NMLVisitor.visit.PortType.start id=urn:ogf:network:example.net:2013:nodeA:port_X:out guid=51233c1a-c3fb-4e11-8d4a-3a63930f1204
ts=2013-07-05T17:47:09.081Z level=TRACE event=RecordsCollection.portInstance.start id=urn:ogf:network:example.net:2013:nodeA:port_X:out guid=51233c1a-c3fb-4e11-8d4a-3a63930f1204
ts=2013-07-05T17:47:09.081Z level=TRACE event=RecordsCollection.portInstance.newInstanceCreated id=urn:ogf:network:example.net:2013:nodeA:port_X:out status=0 guid=51233c1a-c3fb-4e11-8d4a-3a63930f1204
ts=2013-07-05T17:47:09.081Z level=TRACE event=RecordsCollection.portInstance.end id=urn:ogf:network:example.net:2013:nodeA:port_X:out status=0 guid=51233c1a-c3fb-4e11-8d4a-3a63930f1204
ts=2013-07-05T17:47:09.081Z level=TRACE event=NMLVisitor.visit.PortType.end status=0 guid=51233c1a-c3fb-4e11-8d4a-3a63930f1204
ts=2013-07-05T17:47:09.081Z level=TRACE event=NMLVisitor.visit.PortType.start id=urn:ogf:network:example.net:2013:nodeA:port_Y:out guid=51233c1a-c3fb-4e11-8d4a-3a63930f1204
ts=2013-07-05T17:47:09.081Z level=TRACE event=RecordsCollection.portInstance.start id=urn:ogf:network:example.net:2013:nodeA:port_Y:out guid=51233c1a-c3fb-4e11-8d4a-3a63930f1204
ts=2013-07-05T17:47:09.081Z level=TRACE event=RecordsCollection.portInstance.newInstanceCreated id=urn:ogf:network:example.net:2013:nodeA:port_Y:out status=0 guid=51233c1a-c3fb-4e11-8d4a-3a63930f1204
ts=2013-07-05T17:47:09.081Z level=TRACE event=RecordsCollection.portInstance.end id=urn:ogf:network:example.net:2013:nodeA:port_Y:out status=0 guid=51233c1a-c3fb-4e11-8d4a-3a63930f1204
ts=2013-07-05T17:47:09.081Z level=TRACE event=NMLVisitor.visit.PortType.end status=0 guid=51233c1a-c3fb-4e11-8d4a-3a63930f1204
ts=2013-07-05T17:47:09.081Z level=DEBUG event=VisitorTest.testVisitNodeType.end status=0 guid=51233c1a-c3fb-4e11-8d4a-3a63930f1204
ts=2013-07-05T17:47:09.082Z level=DEBUG event=VisitorTest.testVisitLinkType.start guid=a47c154e-b7ae-49d5-8e24-ac1266319288
ts=2013-07-05T17:47:09.165Z level=TRACE event=NMLVisitor.visit.Body.start guid=a47c154e-b7ae-49d5-8e24-ac1266319288
ts=2013-07-05T17:47:09.165Z level=TRACE event=NMLVisitor.visit.Body.end status=0 guid=a47c154e-b7ae-49d5-8e24-ac1266319288
ts=2013-07-05T17:47:09.165Z level=TRACE event=NMLVisitor.visit.LinkType.start id=urn:ogf:network:example.net:2013:linkA:XY guid=a47c154e-b7ae-49d5-8e24-ac1266319288
ts=2013-07-05T17:47:09.165Z level=TRACE event=RecordsCollection.linkInstance.start id=urn:ogf:network:example.net:2013:linkA:XY guid=a47c154e-b7ae-49d5-8e24-ac1266319288
ts=2013-07-05T17:47:09.165Z level=TRACE event=RecordsCollection.linkInstance.newInstanceCreated id=urn:ogf:network:example.net:2013:linkA:XY status=0 guid=a47c154e-b7ae-49d5-8e24-ac1266319288
ts=2013-07-05T17:47:09.165Z level=TRACE event=RecordsCollection.linkInstance.end id=urn:ogf:network:example.net:2013:linkA:XY status=0 guid=a47c154e-b7ae-49d5-8e24-ac1266319288
ts=2013-07-05T17:47:09.165Z level=TRACE event=NMLVisitor.visit.LinkType.end status=0 guid=a47c154e-b7ae-49d5-8e24-ac1266319288
ts=2013-07-05T17:47:09.165Z level=TRACE event=NMLVisitor.visit.LinkType.start id=urn:ogf:network:example.net:2013:linkB guid=a47c154e-b7ae-49d5-8e24-ac1266319288
ts=2013-07-05T17:47:09.165Z level=TRACE event=RecordsCollection.linkInstance.start id=urn:ogf:network:example.net:2013:linkB guid=a47c154e-b7ae-49d5-8e24-ac1266319288
ts=2013-07-05T17:47:09.165Z level=TRACE event=RecordsCollection.linkInstance.newInstanceCreated id=urn:ogf:network:example.net:2013:linkB status=0 guid=a47c154e-b7ae-49d5-8e24-ac1266319288
ts=2013-07-05T17:47:09.165Z level=TRACE event=RecordsCollection.linkInstance.end id=urn:ogf:network:example.net:2013:linkB status=0 guid=a47c154e-b7ae-49d5-8e24-ac1266319288
ts=2013-07-05T17:47:09.165Z level=TRACE event=NMLVisitor.visit.LinkType.end status=0 guid=a47c154e-b7ae-49d5-8e24-ac1266319288
ts=2013-07-05T17:47:09.165Z level=TRACE event=NMLVisitor.visit.LinkType.start id=urn:ogf:network:example.net:2013:linkC guid=a47c154e-b7ae-49d5-8e24-ac1266319288
ts=2013-07-05T17:47:09.165Z level=TRACE event=RecordsCollection.linkInstance.start id=urn:ogf:network:example.net:2013:linkC guid=a47c154e-b7ae-49d5-8e24-ac1266319288
ts=2013-07-05T17:47:09.166Z level=TRACE event=RecordsCollection.linkInstance.newInstanceCreated id=urn:ogf:network:example.net:2013:linkC status=0 guid=a47c154e-b7ae-49d5-8e24-ac1266319288
ts=2013-07-05T17:47:09.166Z level=TRACE event=RecordsCollection.linkInstance.end id=urn:ogf:network:example.net:2013:linkC status=0 guid=a47c154e-b7ae-49d5-8e24-ac1266319288
ts=2013-07-05T17:47:09.166Z level=TRACE event=NMLVisitor.visit.LinkType.end status=0 guid=a47c154e-b7ae-49d5-8e24-ac1266319288
ts=2013-07-05T17:47:09.166Z level=TRACE event=NMLVisitor.visit.LinkType.start id=urn:ogf:network:example.net:2013:linkD guid=a47c154e-b7ae-49d5-8e24-ac1266319288
ts=2013-07-05T17:47:09.166Z level=TRACE event=RecordsCollection.linkInstance.start id=urn:ogf:network:example.net:2013:linkD guid=a47c154e-b7ae-49d5-8e24-ac1266319288
ts=2013-07-05T17:47:09.166Z level=TRACE event=RecordsCollection.linkInstance.newInstanceCreated id=urn:ogf:network:example.net:2013:linkD status=0 guid=a47c154e-b7ae-49d5-8e24-ac1266319288
ts=2013-07-05T17:47:09.166Z level=TRACE event=RecordsCollection.linkInstance.end id=urn:ogf:network:example.net:2013:linkD status=0 guid=a47c154e-b7ae-49d5-8e24-ac1266319288
ts=2013-07-05T17:47:09.166Z level=TRACE event=NMLVisitor.visit.LinkType.end status=0 guid=a47c154e-b7ae-49d5-8e24-ac1266319288
ts=2013-07-05T17:47:09.166Z level=TRACE event=NMLVisitor.visit.LinkType.start id=urn:ogf:network:example.net:2013:linkE guid=a47c154e-b7ae-49d5-8e24-ac1266319288
ts=2013-07-05T17:47:09.166Z level=TRACE event=RecordsCollection.linkInstance.start id=urn:ogf:network:example.net:2013:linkE guid=a47c154e-b7ae-49d5-8e24-ac1266319288
ts=2013-07-05T17:47:09.166Z level=TRACE event=RecordsCollection.linkInstance.newInstanceCreated id=urn:ogf:network:example.net:2013:linkE status=0 guid=a47c154e-b7ae-49d5-8e24-ac1266319288
ts=2013-07-05T17:47:09.166Z level=TRACE event=RecordsCollection.linkInstance.end id=urn:ogf:network:example.net:2013:linkE status=0 guid=a47c154e-b7ae-49d5-8e24-ac1266319288
ts=2013-07-05T17:47:09.166Z level=TRACE event=NMLVisitor.visit.LinkType.end status=0 guid=a47c154e-b7ae-49d5-8e24-ac1266319288
ts=2013-07-05T17:47:09.166Z level=TRACE event=NMLVisitor.visit.LinkType.start id=urn:ogf:network:example.net:2013:linkF guid=a47c154e-b7ae-49d5-8e24-ac1266319288
ts=2013-07-05T17:47:09.166Z level=TRACE event=RecordsCollection.linkInstance.start id=urn:ogf:network:example.net:2013:linkF guid=a47c154e-b7ae-49d5-8e24-ac1266319288
ts=2013-07-05T17:47:09.166Z level=TRACE event=RecordsCollection.linkInstance.newInstanceCreated id=urn:ogf:network:example.net:2013:linkF status=0 guid=a47c154e-b7ae-49d5-8e24-ac1266319288
ts=2013-07-05T17:47:09.166Z level=TRACE event=RecordsCollection.linkInstance.end id=urn:ogf:network:example.net:2013:linkF status=0 guid=a47c154e-b7ae-49d5-8e24-ac1266319288
ts=2013-07-05T17:47:09.166Z level=TRACE event=NMLVisitor.visit.LinkType.end status=0 guid=a47c154e-b7ae-49d5-8e24-ac1266319288
ts=2013-07-05T17:47:09.167Z level=DEBUG event=VisitorTest.testVisitLinkType.end status=0 guid=a47c154e-b7ae-49d5-8e24-ac1266319288
ts=2013-07-05T17:47:09.167Z level=DEBUG event=VisitorTest.testVisitNSAType.start guid=4f769220-9732-40a6-b8c3-3a151ceab849
ts=2013-07-05T17:47:09.252Z level=TRACE event=NMLVisitor.visit.Body.start guid=4f769220-9732-40a6-b8c3-3a151ceab849
ts=2013-07-05T17:47:09.252Z level=TRACE event=NMLVisitor.visit.Body.end status=0 guid=4f769220-9732-40a6-b8c3-3a151ceab849
ts=2013-07-05T17:47:09.252Z level=TRACE event=NMLVisitor.visit.NSAType.start id=urn:ogf:network:example.org:2013:nsa guid=4f769220-9732-40a6-b8c3-3a151ceab849
ts=2013-07-05T17:47:09.252Z level=TRACE event=RecordsCollection.NSAInstance.start id=urn:ogf:network:example.org:2013:nsa guid=4f769220-9732-40a6-b8c3-3a151ceab849
ts=2013-07-05T17:47:09.252Z level=TRACE event=RecordsCollection.NSAInstance.newInstanceCreated id=urn:ogf:network:example.org:2013:nsa status=0 guid=4f769220-9732-40a6-b8c3-3a151ceab849
ts=2013-07-05T17:47:09.252Z level=TRACE event=RecordsCollection.NSAInstance.end id=urn:ogf:network:example.org:2013:nsa status=0 guid=4f769220-9732-40a6-b8c3-3a151ceab849
ts=2013-07-05T17:47:09.252Z level=TRACE event=RecordsCollection.topologyInstance.start id=urn:ogf:network:example.org:2013:topology guid=4f769220-9732-40a6-b8c3-3a151ceab849
ts=2013-07-05T17:47:09.253Z level=TRACE event=RecordsCollection.topologyInstance.newInstanceCreated id=urn:ogf:network:example.org:2013:topology status=0 guid=4f769220-9732-40a6-b8c3-3a151ceab849
ts=2013-07-05T17:47:09.253Z level=TRACE event=RecordsCollection.topologyInstance.end id=urn:ogf:network:example.org:2013:topology status=0 guid=4f769220-9732-40a6-b8c3-3a151ceab849
ts=2013-07-05T17:47:09.253Z level=TRACE event=RecordsCollection.NSIServiceInstance.start id=urn:ogf:network:example.com:2013:nsa-provserv guid=4f769220-9732-40a6-b8c3-3a151ceab849
ts=2013-07-05T17:47:09.253Z level=TRACE event=RecordsCollection.NSIServiceInstance.newInstanceCreated id=urn:ogf:network:example.com:2013:nsa-provserv status=0 guid=4f769220-9732-40a6-b8c3-3a151ceab849
ts=2013-07-05T17:47:09.253Z level=TRACE event=RecordsCollection.NSIServiceInstance.end id=urn:ogf:network:example.com:2013:nsa-provserv status=0 guid=4f769220-9732-40a6-b8c3-3a151ceab849
ts=2013-07-05T17:47:09.253Z level=TRACE event=RecordsCollection.NSIServiceInstance.start id=urn:ogf:network:example.com:2013:disc-serv guid=4f769220-9732-40a6-b8c3-3a151ceab849
ts=2013-07-05T17:47:09.253Z level=TRACE event=RecordsCollection.NSIServiceInstance.newInstanceCreated id=urn:ogf:network:example.com:2013:disc-serv status=0 guid=4f769220-9732-40a6-b8c3-3a151ceab849
ts=2013-07-05T17:47:09.253Z level=TRACE event=RecordsCollection.NSIServiceInstance.end id=urn:ogf:network:example.com:2013:disc-serv status=0 guid=4f769220-9732-40a6-b8c3-3a151ceab849
ts=2013-07-05T17:47:09.253Z level=TRACE event=NMLVisitor.visit.NSAType.end status=0 guid=4f769220-9732-40a6-b8c3-3a151ceab849
ts=2013-07-05T17:47:09.253Z level=TRACE event=NMLVisitor.visit.NsiServiceType.start id=urn:ogf:network:example.com:2013:nsa-provserv guid=4f769220-9732-40a6-b8c3-3a151ceab849
ts=2013-07-05T17:47:09.253Z level=TRACE event=RecordsCollection.NSIServiceInstance.start id=urn:ogf:network:example.com:2013:nsa-provserv guid=4f769220-9732-40a6-b8c3-3a151ceab849
ts=2013-07-05T17:47:09.253Z level=TRACE event=RecordsCollection.NSIServiceInstance.end id=urn:ogf:network:example.com:2013:nsa-provserv status=0 guid=4f769220-9732-40a6-b8c3-3a151ceab849
ts=2013-07-05T17:47:09.253Z level=TRACE event=NMLVisitor.visit.NsiServiceType.end status=0 guid=4f769220-9732-40a6-b8c3-3a151ceab849
ts=2013-07-05T17:47:09.253Z level=TRACE event=NMLVisitor.visit.NSAType.start id=urn:ogf:network:example.com:2013:nsa guid=4f769220-9732-40a6-b8c3-3a151ceab849
ts=2013-07-05T17:47:09.254Z level=TRACE event=RecordsCollection.NSAInstance.start id=urn:ogf:network:example.com:2013:nsa guid=4f769220-9732-40a6-b8c3-3a151ceab849
ts=2013-07-05T17:47:09.254Z level=TRACE event=RecordsCollection.NSAInstance.newInstanceCreated id=urn:ogf:network:example.com:2013:nsa status=0 guid=4f769220-9732-40a6-b8c3-3a151ceab849
ts=2013-07-05T17:47:09.254Z level=TRACE event=RecordsCollection.NSAInstance.end id=urn:ogf:network:example.com:2013:nsa status=0 guid=4f769220-9732-40a6-b8c3-3a151ceab849
ts=2013-07-05T17:47:09.254Z level=TRACE event=NMLVisitor.visit.NSAType.end status=0 guid=4f769220-9732-40a6-b8c3-3a151ceab849
ts=2013-07-05T17:47:09.254Z level=TRACE event=NMLVisitor.visit.NsiServiceType.start id=urn:ogf:network:example.com:2013:disc-serv guid=4f769220-9732-40a6-b8c3-3a151ceab849
ts=2013-07-05T17:47:09.254Z level=TRACE event=RecordsCollection.NSIServiceInstance.start id=urn:ogf:network:example.com:2013:disc-serv guid=4f769220-9732-40a6-b8c3-3a151ceab849
ts=2013-07-05T17:47:09.254Z level=TRACE event=RecordsCollection.NSIServiceInstance.end id=urn:ogf:network:example.com:2013:disc-serv status=0 guid=4f769220-9732-40a6-b8c3-3a151ceab849
ts=2013-07-05T17:47:09.254Z level=TRACE event=NMLVisitor.visit.NsiServiceType.end status=0 guid=4f769220-9732-40a6-b8c3-3a151ceab849
ts=2013-07-05T17:47:09.254Z level=TRACE event=NMLVisitor.visit.NSAType.start id=urn:ogf:network:example.com:2013:nsa guid=4f769220-9732-40a6-b8c3-3a151ceab849
ts=2013-07-05T17:47:09.254Z level=TRACE event=RecordsCollection.NSAInstance.start id=urn:ogf:network:example.com:2013:nsa guid=4f769220-9732-40a6-b8c3-3a151ceab849
ts=2013-07-05T17:47:09.254Z level=TRACE event=RecordsCollection.NSAInstance.end id=urn:ogf:network:example.com:2013:nsa status=0 guid=4f769220-9732-40a6-b8c3-3a151ceab849
ts=2013-07-05T17:47:09.254Z level=TRACE event=NMLVisitor.visit.NSAType.end status=0 guid=4f769220-9732-40a6-b8c3-3a151ceab849
ts=2013-07-05T17:47:09.255Z level=TRACE event=NMLVisitor.visit.NSAType.start id=urn:ogf:network:example.org:2013:nsa guid=4f769220-9732-40a6-b8c3-3a151ceab849
ts=2013-07-05T17:47:09.255Z level=TRACE event=RecordsCollection.NSAInstance.start id=urn:ogf:network:example.org:2013:nsa guid=4f769220-9732-40a6-b8c3-3a151ceab849
ts=2013-07-05T17:47:09.255Z level=TRACE event=RecordsCollection.NSAInstance.end id=urn:ogf:network:example.org:2013:nsa status=0 guid=4f769220-9732-40a6-b8c3-3a151ceab849
ts=2013-07-05T17:47:09.255Z level=TRACE event=NMLVisitor.visit.NSAType.end status=0 guid=4f769220-9732-40a6-b8c3-3a151ceab849
ts=2013-07-05T17:47:09.255Z level=TRACE event=NMLVisitor.visit.NSAType.start id=urn:ogf:network:example.net:2013:nsa guid=4f769220-9732-40a6-b8c3-3a151ceab849
ts=2013-07-05T17:47:09.255Z level=TRACE event=RecordsCollection.NSAInstance.start id=urn:ogf:network:example.net:2013:nsa guid=4f769220-9732-40a6-b8c3-3a151ceab849
ts=2013-07-05T17:47:09.255Z level=TRACE event=RecordsCollection.NSAInstance.newInstanceCreated id=urn:ogf:network:example.net:2013:nsa status=0 guid=4f769220-9732-40a6-b8c3-3a151ceab849
ts=2013-07-05T17:47:09.255Z level=TRACE event=RecordsCollection.NSAInstance.end id=urn:ogf:network:example.net:2013:nsa status=0 guid=4f769220-9732-40a6-b8c3-3a151ceab849
ts=2013-07-05T17:47:09.255Z level=TRACE event=NMLVisitor.visit.NSAType.end status=0 guid=4f769220-9732-40a6-b8c3-3a151ceab849
ts=2013-07-05T17:47:09.255Z level=TRACE event=NMLVisitor.visit.TopologyType.start id=urn:ogf:network:example.org:2013:topology guid=4f769220-9732-40a6-b8c3-3a151ceab849
ts=2013-07-05T17:47:09.255Z level=TRACE event=RecordsCollection.topologyInstance.start id=urn:ogf:network:example.org:2013:topology guid=4f769220-9732-40a6-b8c3-3a151ceab849
ts=2013-07-05T17:47:09.255Z level=TRACE event=RecordsCollection.topologyInstance.end id=urn:ogf:network:example.org:2013:topology status=0 guid=4f769220-9732-40a6-b8c3-3a151ceab849
ts=2013-07-05T17:47:09.256Z level=TRACE event=NMLVisitor.visit.TopologyType.end status=0 guid=4f769220-9732-40a6-b8c3-3a151ceab849
ts=2013-07-05T17:47:09.256Z level=TRACE event=NMLVisitor.visit.PortGroupType.start id=urn:ogf:network:example.com:2013:eth0-out guid=4f769220-9732-40a6-b8c3-3a151ceab849
ts=2013-07-05T17:47:09.256Z level=TRACE event=RecordsCollection.portGroupInstance.start id=urn:ogf:network:example.com:2013:eth0-out guid=4f769220-9732-40a6-b8c3-3a151ceab849
ts=2013-07-05T17:47:09.256Z level=TRACE event=RecordsCollection.portGroupInstance.newInstanceCreated id=urn:ogf:network:example.com:2013:eth0-out status=0 guid=4f769220-9732-40a6-b8c3-3a151ceab849
ts=2013-07-05T17:47:09.256Z level=TRACE event=RecordsCollection.portGroupInstance.end id=urn:ogf:network:example.com:2013:eth0-out status=0 guid=4f769220-9732-40a6-b8c3-3a151ceab849
ts=2013-07-05T17:47:09.256Z level=TRACE event=NMLVisitor.visit.PortGroupType.end status=0 guid=4f769220-9732-40a6-b8c3-3a151ceab849
ts=2013-07-05T17:47:09.256Z level=TRACE event=NMLVisitor.visit.PortGroupType.start id=urn:ogf:network:example.org:2013:eth0-in guid=4f769220-9732-40a6-b8c3-3a151ceab849
ts=2013-07-05T17:47:09.256Z level=TRACE event=RecordsCollection.portGroupInstance.start id=urn:ogf:network:example.org:2013:eth0-in guid=4f769220-9732-40a6-b8c3-3a151ceab849
ts=2013-07-05T17:47:09.256Z level=TRACE event=RecordsCollection.portGroupInstance.newInstanceCreated id=urn:ogf:network:example.org:2013:eth0-in status=0 guid=4f769220-9732-40a6-b8c3-3a151ceab849
ts=2013-07-05T17:47:09.256Z level=TRACE event=RecordsCollection.portGroupInstance.end id=urn:ogf:network:example.org:2013:eth0-in status=0 guid=4f769220-9732-40a6-b8c3-3a151ceab849
ts=2013-07-05T17:47:09.256Z level=TRACE event=NMLVisitor.visit.PortGroupType.end status=0 guid=4f769220-9732-40a6-b8c3-3a151ceab849
ts=2013-07-05T17:47:09.257Z level=TRACE event=NMLVisitor.visit.PortGroupType.start id=urn:ogf:network:example.com:2013:eth0-in guid=4f769220-9732-40a6-b8c3-3a151ceab849
ts=2013-07-05T17:47:09.257Z level=TRACE event=RecordsCollection.portGroupInstance.start id=urn:ogf:network:example.com:2013:eth0-in guid=4f769220-9732-40a6-b8c3-3a151ceab849
ts=2013-07-05T17:47:09.257Z level=TRACE event=RecordsCollection.portGroupInstance.newInstanceCreated id=urn:ogf:network:example.com:2013:eth0-in status=0 guid=4f769220-9732-40a6-b8c3-3a151ceab849
ts=2013-07-05T17:47:09.257Z level=TRACE event=RecordsCollection.portGroupInstance.end id=urn:ogf:network:example.com:2013:eth0-in status=0 guid=4f769220-9732-40a6-b8c3-3a151ceab849
ts=2013-07-05T17:47:09.257Z level=TRACE event=NMLVisitor.visit.PortGroupType.end status=0 guid=4f769220-9732-40a6-b8c3-3a151ceab849
ts=2013-07-05T17:47:09.257Z level=TRACE event=NMLVisitor.visit.PortGroupType.start id=urn:ogf:network:example.org:2013:eth0-out guid=4f769220-9732-40a6-b8c3-3a151ceab849
ts=2013-07-05T17:47:09.257Z level=TRACE event=RecordsCollection.portGroupInstance.start id=urn:ogf:network:example.org:2013:eth0-out guid=4f769220-9732-40a6-b8c3-3a151ceab849
ts=2013-07-05T17:47:09.257Z level=TRACE event=RecordsCollection.portGroupInstance.newInstanceCreated id=urn:ogf:network:example.org:2013:eth0-out status=0 guid=4f769220-9732-40a6-b8c3-3a151ceab849
ts=2013-07-05T17:47:09.257Z level=TRACE event=RecordsCollection.portGroupInstance.end id=urn:ogf:network:example.org:2013:eth0-out status=0 guid=4f769220-9732-40a6-b8c3-3a151ceab849
ts=2013-07-05T17:47:09.257Z level=TRACE event=NMLVisitor.visit.PortGroupType.end status=0 guid=4f769220-9732-40a6-b8c3-3a151ceab849
ts=2013-07-05T17:47:09.257Z level=DEBUG event=VisitorTest.testVisitNSAType.end status=0 guid=4f769220-9732-40a6-b8c3-3a151ceab849
ts=2013-07-05T17:47:09.447Z level=DEBUG event=RecordsCollectionTest.testGetLinks.start guid=e85cbc23-a6b2-4829-b255-4454e78a9b45
ts=2013-07-05T17:47:09.447Z level=DEBUG event=RecordsCollectionTest.testGetLinks.end status=0 guid=e85cbc23-a6b2-4829-b255-4454e78a9b45
ts=2013-07-05T17:47:09.448Z level=DEBUG event=RecordsCollectionTest.testGetNodes.start guid=f9bea96d-0286-46a4-9392-35ef94ffeb76
ts=2013-07-05T17:47:09.448Z level=DEBUG event=RecordsCollectionTest.testGetNodes.end status=0 guid=f9bea96d-0286-46a4-9392-35ef94ffeb76
ts=2013-07-05T17:47:09.449Z level=DEBUG event=RecordsCollectionTest.testGetPorts.start guid=aabdc82e-0ccf-47d0-bd93-5a6cb3917111
ts=2013-07-05T17:47:09.449Z level=DEBUG event=RecordsCollectionTest.testGetPorts.end status=0 guid=aabdc82e-0ccf-47d0-bd93-5a6cb3917111
ts=2013-07-05T17:47:09.449Z level=DEBUG event=RecordsCollectionTest.testLinkInstance.start guid=bf674aa8-9b8e-48a4-9a72-3b94aa0ecd89
ts=2013-07-05T17:47:09.449Z level=TRACE event=RecordsCollection.linkInstance.start id=urn:ogf:network:example.net:2013:linkA guid=bf674aa8-9b8e-48a4-9a72-3b94aa0ecd89
ts=2013-07-05T17:47:09.449Z level=TRACE event=RecordsCollection.linkInstance.end id=urn:ogf:network:example.net:2013:linkA status=0 guid=bf674aa8-9b8e-48a4-9a72-3b94aa0ecd89
ts=2013-07-05T17:47:09.449Z level=TRACE event=RecordsCollection.linkInstance.start id=urn:ogf:network:example.net:2013:linkB guid=bf674aa8-9b8e-48a4-9a72-3b94aa0ecd89
ts=2013-07-05T17:47:09.449Z level=TRACE event=RecordsCollection.linkInstance.newInstanceCreated id=urn:ogf:network:example.net:2013:linkB status=0 guid=bf674aa8-9b8e-48a4-9a72-3b94aa0ecd89
ts=2013-07-05T17:47:09.449Z level=TRACE event=RecordsCollection.linkInstance.end id=urn:ogf:network:example.net:2013:linkB status=0 guid=bf674aa8-9b8e-48a4-9a72-3b94aa0ecd89
ts=2013-07-05T17:47:09.449Z level=TRACE event=RecordsCollection.linkInstance.start id=null guid=bf674aa8-9b8e-48a4-9a72-3b94aa0ecd89
ts=2013-07-05T17:47:09.450Z level=TRACE event=RecordsCollection.linkInstance.idCreated id=b083d5a7-90b1-4451-9e32-a7b4961bb340 status=0 guid=bf674aa8-9b8e-48a4-9a72-3b94aa0ecd89
ts=2013-07-05T17:47:09.450Z level=TRACE event=RecordsCollection.linkInstance.newInstanceCreated id=b083d5a7-90b1-4451-9e32-a7b4961bb340 status=0 guid=bf674aa8-9b8e-48a4-9a72-3b94aa0ecd89
ts=2013-07-05T17:47:09.450Z level=TRACE event=RecordsCollection.linkInstance.end id=b083d5a7-90b1-4451-9e32-a7b4961bb340 status=0 guid=bf674aa8-9b8e-48a4-9a72-3b94aa0ecd89
ts=2013-07-05T17:47:09.450Z level=TRACE event=RecordsCollection.linkInstance.start id=urn:ogf:network:example.net:2013:linkB guid=bf674aa8-9b8e-48a4-9a72-3b94aa0ecd89
ts=2013-07-05T17:47:09.450Z level=TRACE event=RecordsCollection.linkInstance.end id=urn:ogf:network:example.net:2013:linkB status=0 guid=bf674aa8-9b8e-48a4-9a72-3b94aa0ecd89
ts=2013-07-05T17:47:09.450Z level=TRACE event=RecordsCollection.linkInstance.start id=b083d5a7-90b1-4451-9e32-a7b4961bb340 guid=bf674aa8-9b8e-48a4-9a72-3b94aa0ecd89
ts=2013-07-05T17:47:09.450Z level=TRACE event=RecordsCollection.linkInstance.end id=b083d5a7-90b1-4451-9e32-a7b4961bb340 status=0 guid=bf674aa8-9b8e-48a4-9a72-3b94aa0ecd89
ts=2013-07-05T17:47:09.450Z level=DEBUG event=RecordsCollectionTest.testLinkInstance.end status=0 guid=bf674aa8-9b8e-48a4-9a72-3b94aa0ecd89
ts=2013-07-05T17:47:09.451Z level=DEBUG event=RecordsCollectionTest.testBidirectionalLinkInstance.start guid=ed28c124-167c-4a55-85db-380098461505
ts=2013-07-05T17:47:09.451Z level=TRACE event=RecordsCollection.bidirectionalLinkInstance.start id=urn:ogf:network:example.net:2013:biportA guid=ed28c124-167c-4a55-85db-380098461505
ts=2013-07-05T17:47:09.451Z level=TRACE event=RecordsCollection.bidirectionalLinkInstance.end id=urn:ogf:network:example.net:2013:biportA status=0 guid=ed28c124-167c-4a55-85db-380098461505
ts=2013-07-05T17:47:09.451Z level=TRACE event=RecordsCollection.bidirectionalLinkInstance.start id=urn:ogf:network:example.net:2013:biportB guid=ed28c124-167c-4a55-85db-380098461505
ts=2013-07-05T17:47:09.451Z level=TRACE event=RecordsCollection.bidirectionalLinkInstance.newInstanceCreated id=urn:ogf:network:example.net:2013:biportB status=0 guid=ed28c124-167c-4a55-85db-380098461505
ts=2013-07-05T17:47:09.451Z level=TRACE event=RecordsCollection.bidirectionalLinkInstance.end id=urn:ogf:network:example.net:2013:biportB status=0 guid=ed28c124-167c-4a55-85db-380098461505
ts=2013-07-05T17:47:09.451Z level=TRACE event=RecordsCollection.bidirectionalLinkInstance.start id=null guid=ed28c124-167c-4a55-85db-380098461505
ts=2013-07-05T17:47:09.451Z level=TRACE event=RecordsCollection.bidirectionalLinkInstance.idCreated id=28c1f5ea-cfe2-4d59-a19a-64f7f778e46a status=0 guid=ed28c124-167c-4a55-85db-380098461505
ts=2013-07-05T17:47:09.451Z level=TRACE event=RecordsCollection.bidirectionalLinkInstance.newInstanceCreated id=28c1f5ea-cfe2-4d59-a19a-64f7f778e46a status=0 guid=ed28c124-167c-4a55-85db-380098461505
ts=2013-07-05T17:47:09.451Z level=TRACE event=RecordsCollection.bidirectionalLinkInstance.end id=28c1f5ea-cfe2-4d59-a19a-64f7f778e46a status=0 guid=ed28c124-167c-4a55-85db-380098461505
ts=2013-07-05T17:47:09.451Z level=TRACE event=RecordsCollection.bidirectionalLinkInstance.start id=urn:ogf:network:example.net:2013:biportB guid=ed28c124-167c-4a55-85db-380098461505
ts=2013-07-05T17:47:09.452Z level=TRACE event=RecordsCollection.bidirectionalLinkInstance.end id=urn:ogf:network:example.net:2013:biportB status=0 guid=ed28c124-167c-4a55-85db-380098461505
ts=2013-07-05T17:47:09.452Z level=TRACE event=RecordsCollection.bidirectionalLinkInstance.start id=28c1f5ea-cfe2-4d59-a19a-64f7f778e46a guid=ed28c124-167c-4a55-85db-380098461505
ts=2013-07-05T17:47:09.452Z level=TRACE event=RecordsCollection.bidirectionalLinkInstance.end id=28c1f5ea-cfe2-4d59-a19a-64f7f778e46a status=0 guid=ed28c124-167c-4a55-85db-380098461505
ts=2013-07-05T17:47:09.452Z level=DEBUG event=RecordsCollectionTest.testBidirectionalLinkInstance.end status=0 guid=ed28c124-167c-4a55-85db-380098461505
ts=2013-07-05T17:47:09.452Z level=DEBUG event=RecordsCollectionTest.testSetTopologies.start guid=7b95d1ab-4c4e-46cf-9d16-f212448495a7
ts=2013-07-05T17:47:09.452Z level=DEBUG event=RecordsCollectionTest.testSetTopologies.end status=0 guid=7b95d1ab-4c4e-46cf-9d16-f212448495a7
ts=2013-07-05T17:47:09.453Z level=DEBUG event=RecordsCollectionTest.testPortGroupInstance.start guid=daea9c43-98dd-47e7-b108-1d90fa1640ae
ts=2013-07-05T17:47:09.453Z level=TRACE event=RecordsCollection.portGroupInstance.start id=urn:ogf:network:example.net:2013:portA guid=daea9c43-98dd-47e7-b108-1d90fa1640ae
ts=2013-07-05T17:47:09.453Z level=TRACE event=RecordsCollection.portGroupInstance.end id=urn:ogf:network:example.net:2013:portA status=0 guid=daea9c43-98dd-47e7-b108-1d90fa1640ae
ts=2013-07-05T17:47:09.453Z level=TRACE event=RecordsCollection.portGroupInstance.start id=urn:ogf:network:example.net:2013:portB guid=daea9c43-98dd-47e7-b108-1d90fa1640ae
ts=2013-07-05T17:47:09.453Z level=TRACE event=RecordsCollection.portGroupInstance.newInstanceCreated id=urn:ogf:network:example.net:2013:portB status=0 guid=daea9c43-98dd-47e7-b108-1d90fa1640ae
ts=2013-07-05T17:47:09.453Z level=TRACE event=RecordsCollection.portGroupInstance.end id=urn:ogf:network:example.net:2013:portB status=0 guid=daea9c43-98dd-47e7-b108-1d90fa1640ae
ts=2013-07-05T17:47:09.453Z level=TRACE event=RecordsCollection.portGroupInstance.start id=null guid=daea9c43-98dd-47e7-b108-1d90fa1640ae
ts=2013-07-05T17:47:09.453Z level=TRACE event=RecordsCollection.portGroupInstance.idCreated id=5c6b7330-476e-4b32-b3e9-60d231a5a6c9 status=0 guid=daea9c43-98dd-47e7-b108-1d90fa1640ae
ts=2013-07-05T17:47:09.454Z level=TRACE event=RecordsCollection.portGroupInstance.newInstanceCreated id=5c6b7330-476e-4b32-b3e9-60d231a5a6c9 status=0 guid=daea9c43-98dd-47e7-b108-1d90fa1640ae
ts=2013-07-05T17:47:09.454Z level=TRACE event=RecordsCollection.portGroupInstance.end id=5c6b7330-476e-4b32-b3e9-60d231a5a6c9 status=0 guid=daea9c43-98dd-47e7-b108-1d90fa1640ae
ts=2013-07-05T17:47:09.454Z level=TRACE event=RecordsCollection.portGroupInstance.start id=urn:ogf:network:example.net:2013:portB guid=daea9c43-98dd-47e7-b108-1d90fa1640ae
ts=2013-07-05T17:47:09.454Z level=TRACE event=RecordsCollection.portGroupInstance.end id=urn:ogf:network:example.net:2013:portB status=0 guid=daea9c43-98dd-47e7-b108-1d90fa1640ae
ts=2013-07-05T17:47:09.454Z level=TRACE event=RecordsCollection.portGroupInstance.start id=5c6b7330-476e-4b32-b3e9-60d231a5a6c9 guid=daea9c43-98dd-47e7-b108-1d90fa1640ae
ts=2013-07-05T17:47:09.454Z level=TRACE event=RecordsCollection.portGroupInstance.end id=5c6b7330-476e-4b32-b3e9-60d231a5a6c9 status=0 guid=daea9c43-98dd-47e7-b108-1d90fa1640ae
ts=2013-07-05T17:47:09.454Z level=DEBUG event=RecordsCollectionTest.testPortGroupInstance.end status=0 guid=daea9c43-98dd-47e7-b108-1d90fa1640ae
ts=2013-07-05T17:47:09.455Z level=DEBUG event=RecordsCollectionTest.testNSIServiceInstance.start guid=e7e23a14-4376-4b98-93d0-cc5024ff116d
ts=2013-07-05T17:47:09.455Z level=TRACE event=RecordsCollection.NSIServiceInstance.start id=urn:ogf:network:example.net:2013:serviceA guid=e7e23a14-4376-4b98-93d0-cc5024ff116d
ts=2013-07-05T17:47:09.455Z level=TRACE event=RecordsCollection.NSIServiceInstance.end id=urn:ogf:network:example.net:2013:serviceA status=0 guid=e7e23a14-4376-4b98-93d0-cc5024ff116d
ts=2013-07-05T17:47:09.455Z level=TRACE event=RecordsCollection.NSIServiceInstance.start id=urn:ogf:network:example.net:2013:serviceB guid=e7e23a14-4376-4b98-93d0-cc5024ff116d
ts=2013-07-05T17:47:09.455Z level=TRACE event=RecordsCollection.NSIServiceInstance.newInstanceCreated id=urn:ogf:network:example.net:2013:serviceB status=0 guid=e7e23a14-4376-4b98-93d0-cc5024ff116d
ts=2013-07-05T17:47:09.455Z level=TRACE event=RecordsCollection.NSIServiceInstance.end id=urn:ogf:network:example.net:2013:serviceB status=0 guid=e7e23a14-4376-4b98-93d0-cc5024ff116d
ts=2013-07-05T17:47:09.455Z level=TRACE event=RecordsCollection.NSIServiceInstance.start id=null guid=e7e23a14-4376-4b98-93d0-cc5024ff116d
ts=2013-07-05T17:47:09.455Z level=TRACE event=RecordsCollection.NSIServiceInstance.idCreated id=3f068cd2-c859-41a0-9246-e76b1e223a8d status=0 guid=e7e23a14-4376-4b98-93d0-cc5024ff116d
ts=2013-07-05T17:47:09.455Z level=TRACE event=RecordsCollection.NSIServiceInstance.newInstanceCreated id=3f068cd2-c859-41a0-9246-e76b1e223a8d status=0 guid=e7e23a14-4376-4b98-93d0-cc5024ff116d
ts=2013-07-05T17:47:09.455Z level=TRACE event=RecordsCollection.NSIServiceInstance.end id=3f068cd2-c859-41a0-9246-e76b1e223a8d status=0 guid=e7e23a14-4376-4b98-93d0-cc5024ff116d
ts=2013-07-05T17:47:09.455Z level=TRACE event=RecordsCollection.NSIServiceInstance.start id=urn:ogf:network:example.net:2013:serviceB guid=e7e23a14-4376-4b98-93d0-cc5024ff116d
ts=2013-07-05T17:47:09.455Z level=TRACE event=RecordsCollection.NSIServiceInstance.end id=urn:ogf:network:example.net:2013:serviceB status=0 guid=e7e23a14-4376-4b98-93d0-cc5024ff116d
ts=2013-07-05T17:47:09.456Z level=TRACE event=RecordsCollection.NSIServiceInstance.start id=3f068cd2-c859-41a0-9246-e76b1e223a8d guid=e7e23a14-4376-4b98-93d0-cc5024ff116d
ts=2013-07-05T17:47:09.456Z level=TRACE event=RecordsCollection.NSIServiceInstance.end id=3f068cd2-c859-41a0-9246-e76b1e223a8d status=0 guid=e7e23a14-4376-4b98-93d0-cc5024ff116d
ts=2013-07-05T17:47:09.456Z level=DEBUG event=RecordsCollectionTest.testNSIServiceInstance.end status=0 guid=e7e23a14-4376-4b98-93d0-cc5024ff116d
ts=2013-07-05T17:47:09.456Z level=DEBUG event=RecordsCollectionTest.testNSAInstance.start guid=fbe12028-a8fc-42d3-a8c1-17f67b937b29
ts=2013-07-05T17:47:09.456Z level=TRACE event=RecordsCollection.NSAInstance.start id=urn:ogf:network:example.net:2013:nsaA guid=fbe12028-a8fc-42d3-a8c1-17f67b937b29
ts=2013-07-05T17:47:09.456Z level=TRACE event=RecordsCollection.NSAInstance.end id=urn:ogf:network:example.net:2013:nsaA status=0 guid=fbe12028-a8fc-42d3-a8c1-17f67b937b29
ts=2013-07-05T17:47:09.456Z level=TRACE event=RecordsCollection.NSAInstance.start id=urn:ogf:network:example.net:2013:nsaB guid=fbe12028-a8fc-42d3-a8c1-17f67b937b29
ts=2013-07-05T17:47:09.457Z level=TRACE event=RecordsCollection.NSAInstance.newInstanceCreated id=urn:ogf:network:example.net:2013:nsaB status=0 guid=fbe12028-a8fc-42d3-a8c1-17f67b937b29
ts=2013-07-05T17:47:09.457Z level=TRACE event=RecordsCollection.NSAInstance.end id=urn:ogf:network:example.net:2013:nsaB status=0 guid=fbe12028-a8fc-42d3-a8c1-17f67b937b29
ts=2013-07-05T17:47:09.457Z level=TRACE event=RecordsCollection.NSAInstance.start id=null guid=fbe12028-a8fc-42d3-a8c1-17f67b937b29
ts=2013-07-05T17:47:09.457Z level=TRACE event=RecordsCollection.NSAInstance.idCreated id=c32d6f3d-6f80-4130-b612-81c00631dd46 status=0 guid=fbe12028-a8fc-42d3-a8c1-17f67b937b29
ts=2013-07-05T17:47:09.457Z level=TRACE event=RecordsCollection.NSAInstance.newInstanceCreated id=c32d6f3d-6f80-4130-b612-81c00631dd46 status=0 guid=fbe12028-a8fc-42d3-a8c1-17f67b937b29
ts=2013-07-05T17:47:09.457Z level=TRACE event=RecordsCollection.NSAInstance.end id=c32d6f3d-6f80-4130-b612-81c00631dd46 status=0 guid=fbe12028-a8fc-42d3-a8c1-17f67b937b29
ts=2013-07-05T17:47:09.457Z level=TRACE event=RecordsCollection.NSAInstance.start id=urn:ogf:network:example.net:2013:nsaB guid=fbe12028-a8fc-42d3-a8c1-17f67b937b29
ts=2013-07-05T17:47:09.457Z level=TRACE event=RecordsCollection.NSAInstance.end id=urn:ogf:network:example.net:2013:nsaB status=0 guid=fbe12028-a8fc-42d3-a8c1-17f67b937b29
ts=2013-07-05T17:47:09.457Z level=TRACE event=RecordsCollection.NSAInstance.start id=c32d6f3d-6f80-4130-b612-81c00631dd46 guid=fbe12028-a8fc-42d3-a8c1-17f67b937b29
ts=2013-07-05T17:47:09.457Z level=TRACE event=RecordsCollection.NSAInstance.end id=c32d6f3d-6f80-4130-b612-81c00631dd46 status=0 guid=fbe12028-a8fc-42d3-a8c1-17f67b937b29
ts=2013-07-05T17:47:09.457Z level=DEBUG event=RecordsCollectionTest.testNSAInstance.end status=0 guid=fbe12028-a8fc-42d3-a8c1-17f67b937b29
ts=2013-07-05T17:47:09.458Z level=DEBUG event=RecordsCollectionTest.testLinkGroupInstance.start guid=8e6b65f2-d95e-4ed6-92d6-f0e5f1cc7941
ts=2013-07-05T17:47:09.458Z level=TRACE event=RecordsCollection.linkGroupInstance.start id=urn:ogf:network:example.net:2013:linkA guid=8e6b65f2-d95e-4ed6-92d6-f0e5f1cc7941
ts=2013-07-05T17:47:09.458Z level=TRACE event=RecordsCollection.linkGroupInstance.end id=urn:ogf:network:example.net:2013:linkA status=0 guid=8e6b65f2-d95e-4ed6-92d6-f0e5f1cc7941
ts=2013-07-05T17:47:09.458Z level=TRACE event=RecordsCollection.linkGroupInstance.start id=urn:ogf:network:example.net:2013:linkB guid=8e6b65f2-d95e-4ed6-92d6-f0e5f1cc7941
ts=2013-07-05T17:47:09.458Z level=TRACE event=RecordsCollection.linkGroupInstance.newInstanceCreated id=urn:ogf:network:example.net:2013:linkB status=0 guid=8e6b65f2-d95e-4ed6-92d6-f0e5f1cc7941
ts=2013-07-05T17:47:09.458Z level=TRACE event=RecordsCollection.linkGroupInstance.end id=urn:ogf:network:example.net:2013:linkB status=0 guid=8e6b65f2-d95e-4ed6-92d6-f0e5f1cc7941
ts=2013-07-05T17:47:09.458Z level=TRACE event=RecordsCollection.linkGroupInstance.start id=null guid=8e6b65f2-d95e-4ed6-92d6-f0e5f1cc7941
ts=2013-07-05T17:47:09.458Z level=TRACE event=RecordsCollection.linkGroupInstance.idCreated id=078a4182-651f-43c5-b3d6-d17aafdfac82 status=0 guid=8e6b65f2-d95e-4ed6-92d6-f0e5f1cc7941
ts=2013-07-05T17:47:09.459Z level=TRACE event=RecordsCollection.linkGroupInstance.newInstanceCreated id=078a4182-651f-43c5-b3d6-d17aafdfac82 status=0 guid=8e6b65f2-d95e-4ed6-92d6-f0e5f1cc7941
ts=2013-07-05T17:47:09.459Z level=TRACE event=RecordsCollection.linkGroupInstance.end id=078a4182-651f-43c5-b3d6-d17aafdfac82 status=0 guid=8e6b65f2-d95e-4ed6-92d6-f0e5f1cc7941
ts=2013-07-05T17:47:09.459Z level=TRACE event=RecordsCollection.linkGroupInstance.start id=urn:ogf:network:example.net:2013:linkB guid=8e6b65f2-d95e-4ed6-92d6-f0e5f1cc7941
ts=2013-07-05T17:47:09.459Z level=TRACE event=RecordsCollection.linkGroupInstance.end id=urn:ogf:network:example.net:2013:linkB status=0 guid=8e6b65f2-d95e-4ed6-92d6-f0e5f1cc7941
ts=2013-07-05T17:47:09.459Z level=TRACE event=RecordsCollection.linkGroupInstance.start id=078a4182-651f-43c5-b3d6-d17aafdfac82 guid=8e6b65f2-d95e-4ed6-92d6-f0e5f1cc7941
ts=2013-07-05T17:47:09.459Z level=TRACE event=RecordsCollection.linkGroupInstance.end id=078a4182-651f-43c5-b3d6-d17aafdfac82 status=0 guid=8e6b65f2-d95e-4ed6-92d6-f0e5f1cc7941
ts=2013-07-05T17:47:09.459Z level=DEBUG event=RecordsCollectionTest.testLinkGroupInstance.end status=0 guid=8e6b65f2-d95e-4ed6-92d6-f0e5f1cc7941
ts=2013-07-05T17:47:09.459Z level=DEBUG event=RecordsCollectionTest.testGetNSIService.start guid=4425650f-b9fd-428d-af7d-9b39eb05a51b
ts=2013-07-05T17:47:09.459Z level=DEBUG event=RecordsCollectionTest.testGetNSIService.end status=0 guid=4425650f-b9fd-428d-af7d-9b39eb05a51b
ts=2013-07-05T17:47:09.460Z level=DEBUG event=RecordsCollectionTest.testGetNSAs.start guid=f0e1c835-8a68-4abf-a249-1c1b4e033e34
ts=2013-07-05T17:47:09.460Z level=DEBUG event=RecordsCollectionTest.testGetNSAs.end status=0 guid=f0e1c835-8a68-4abf-a249-1c1b4e033e34
ts=2013-07-05T17:47:09.460Z level=DEBUG event=RecordsCollectionTest.testSetBidirectionalLinks.start guid=78686917-116f-439a-acfe-0e067ad3f14d
ts=2013-07-05T17:47:09.460Z level=DEBUG event=RecordsCollectionTest.testSetBidirectionalLinks.end status=0 guid=78686917-116f-439a-acfe-0e067ad3f14d
ts=2013-07-05T17:47:09.461Z level=DEBUG event=RecordsCollectionTest.testSetBidirectionalPorts.start guid=6e6457b4-8b48-4357-8ba3-2f308509687a
ts=2013-07-05T17:47:09.461Z level=DEBUG event=RecordsCollectionTest.testSetBidirectionalPorts.end status=0 guid=6e6457b4-8b48-4357-8ba3-2f308509687a
ts=2013-07-05T17:47:09.461Z level=DEBUG event=RecordsCollectionTest.testSetNSIService.start guid=11643677-b57a-4bff-8b3a-4a5507b548da
ts=2013-07-05T17:47:09.461Z level=DEBUG event=RecordsCollectionTest.testSetNSIService.end status=0 guid=11643677-b57a-4bff-8b3a-4a5507b548da
ts=2013-07-05T17:47:09.462Z level=DEBUG event=RecordsCollectionTest.testNodeInstance.start guid=02c4ca27-9471-4173-a639-9c0409b89174
ts=2013-07-05T17:47:09.462Z level=TRACE event=RecordsCollection.nodeInstance.start id=urn:ogf:network:example.net:2013:nodeA guid=02c4ca27-9471-4173-a639-9c0409b89174
ts=2013-07-05T17:47:09.462Z level=TRACE event=RecordsCollection.nodeInstance.end id=urn:ogf:network:example.net:2013:nodeA status=0 guid=02c4ca27-9471-4173-a639-9c0409b89174
ts=2013-07-05T17:47:09.462Z level=TRACE event=RecordsCollection.nodeInstance.start id=urn:ogf:network:example.net:2013:nodeB guid=02c4ca27-9471-4173-a639-9c0409b89174
ts=2013-07-05T17:47:09.462Z level=TRACE event=RecordsCollection.nodeInstance.newInstanceCreated id=urn:ogf:network:example.net:2013:nodeB status=0 guid=02c4ca27-9471-4173-a639-9c0409b89174
ts=2013-07-05T17:47:09.462Z level=TRACE event=RecordsCollection.nodeInstance.end id=urn:ogf:network:example.net:2013:nodeB status=0 guid=02c4ca27-9471-4173-a639-9c0409b89174
ts=2013-07-05T17:47:09.462Z level=TRACE event=RecordsCollection.nodeInstance.start id=null guid=02c4ca27-9471-4173-a639-9c0409b89174
ts=2013-07-05T17:47:09.462Z level=TRACE event=RecordsCollection.nodeInstance.idCreated id=0eff3dbd-937e-46cb-9809-543528755e36 status=0 guid=02c4ca27-9471-4173-a639-9c0409b89174
ts=2013-07-05T17:47:09.463Z level=TRACE event=RecordsCollection.nodeInstance.newInstanceCreated id=0eff3dbd-937e-46cb-9809-543528755e36 status=0 guid=02c4ca27-9471-4173-a639-9c0409b89174
ts=2013-07-05T17:47:09.463Z level=TRACE event=RecordsCollection.nodeInstance.end id=0eff3dbd-937e-46cb-9809-543528755e36 status=0 guid=02c4ca27-9471-4173-a639-9c0409b89174
ts=2013-07-05T17:47:09.463Z level=TRACE event=RecordsCollection.nodeInstance.start id=urn:ogf:network:example.net:2013:nodeB guid=02c4ca27-9471-4173-a639-9c0409b89174
ts=2013-07-05T17:47:09.463Z level=TRACE event=RecordsCollection.nodeInstance.end id=urn:ogf:network:example.net:2013:nodeB status=0 guid=02c4ca27-9471-4173-a639-9c0409b89174
ts=2013-07-05T17:47:09.463Z level=TRACE event=RecordsCollection.nodeInstance.start id=0eff3dbd-937e-46cb-9809-543528755e36 guid=02c4ca27-9471-4173-a639-9c0409b89174
ts=2013-07-05T17:47:09.463Z level=TRACE event=RecordsCollection.nodeInstance.end id=0eff3dbd-937e-46cb-9809-543528755e36 status=0 guid=02c4ca27-9471-4173-a639-9c0409b89174
ts=2013-07-05T17:47:09.463Z level=DEBUG event=RecordsCollectionTest.testNodeInstance.end status=0 guid=02c4ca27-9471-4173-a639-9c0409b89174
ts=2013-07-05T17:47:09.464Z level=DEBUG event=RecordsCollectionTest.testGetPortGroups.start guid=7231fb02-e88b-4a45-bb3c-f69186bf84ea
ts=2013-07-05T17:47:09.464Z level=DEBUG event=RecordsCollectionTest.testGetPortGroups.end status=0 guid=7231fb02-e88b-4a45-bb3c-f69186bf84ea
ts=2013-07-05T17:47:09.464Z level=DEBUG event=RecordsCollectionTest.testPortInstance.start guid=2c5519fa-b592-4787-993d-8acb36b9bf56
ts=2013-07-05T17:47:09.464Z level=TRACE event=RecordsCollection.portInstance.start id=urn:ogf:network:example.net:2013:portA guid=2c5519fa-b592-4787-993d-8acb36b9bf56
ts=2013-07-05T17:47:09.465Z level=TRACE event=RecordsCollection.portInstance.end id=urn:ogf:network:example.net:2013:portA status=0 guid=2c5519fa-b592-4787-993d-8acb36b9bf56
ts=2013-07-05T17:47:09.465Z level=TRACE event=RecordsCollection.portInstance.start id=urn:ogf:network:example.net:2013:portB guid=2c5519fa-b592-4787-993d-8acb36b9bf56
ts=2013-07-05T17:47:09.465Z level=TRACE event=RecordsCollection.portInstance.newInstanceCreated id=urn:ogf:network:example.net:2013:portB status=0 guid=2c5519fa-b592-4787-993d-8acb36b9bf56
ts=2013-07-05T17:47:09.465Z level=TRACE event=RecordsCollection.portInstance.end id=urn:ogf:network:example.net:2013:portB status=0 guid=2c5519fa-b592-4787-993d-8acb36b9bf56
ts=2013-07-05T17:47:09.465Z level=TRACE event=RecordsCollection.portInstance.start id=null guid=2c5519fa-b592-4787-993d-8acb36b9bf56
ts=2013-07-05T17:47:09.465Z level=TRACE event=RecordsCollection.portInstance.idCreated id=2b978f21-b3d8-442d-aa97-90364c477efa status=0 guid=2c5519fa-b592-4787-993d-8acb36b9bf56
ts=2013-07-05T17:47:09.465Z level=TRACE event=RecordsCollection.portInstance.newInstanceCreated id=2b978f21-b3d8-442d-aa97-90364c477efa status=0 guid=2c5519fa-b592-4787-993d-8acb36b9bf56
ts=2013-07-05T17:47:09.465Z level=TRACE event=RecordsCollection.portInstance.end id=2b978f21-b3d8-442d-aa97-90364c477efa status=0 guid=2c5519fa-b592-4787-993d-8acb36b9bf56
ts=2013-07-05T17:47:09.465Z level=TRACE event=RecordsCollection.portInstance.start id=urn:ogf:network:example.net:2013:portB guid=2c5519fa-b592-4787-993d-8acb36b9bf56
ts=2013-07-05T17:47:09.465Z level=TRACE event=RecordsCollection.portInstance.end id=urn:ogf:network:example.net:2013:portB status=0 guid=2c5519fa-b592-4787-993d-8acb36b9bf56
ts=2013-07-05T17:47:09.465Z level=TRACE event=RecordsCollection.portInstance.start id=2b978f21-b3d8-442d-aa97-90364c477efa guid=2c5519fa-b592-4787-993d-8acb36b9bf56
ts=2013-07-05T17:47:09.465Z level=TRACE event=RecordsCollection.portInstance.end id=2b978f21-b3d8-442d-aa97-90364c477efa status=0 guid=2c5519fa-b592-4787-993d-8acb36b9bf56
ts=2013-07-05T17:47:09.465Z level=DEBUG event=RecordsCollectionTest.testPortInstance.end status=0 guid=2c5519fa-b592-4787-993d-8acb36b9bf56
ts=2013-07-05T17:47:09.466Z level=DEBUG event=RecordsCollectionTest.testBidirectionalPortInstance.start guid=09dcf061-92aa-4474-9149-1e56aa0f3cc5
ts=2013-07-05T17:47:09.466Z level=DEBUG event=RecordsCollectionTest.testBidirectionalPortInstance.start guid=09dcf061-92aa-4474-9149-1e56aa0f3cc5
ts=2013-07-05T17:47:09.466Z level=TRACE event=RecordsCollection.bidirectionalPortInstance.start id=urn:ogf:network:example.net:2013:biportA guid=09dcf061-92aa-4474-9149-1e56aa0f3cc5
ts=2013-07-05T17:47:09.466Z level=TRACE event=RecordsCollection.bidirectionalPortInstance.end id=urn:ogf:network:example.net:2013:biportA status=0 guid=09dcf061-92aa-4474-9149-1e56aa0f3cc5
ts=2013-07-05T17:47:09.466Z level=TRACE event=RecordsCollection.bidirectionalPortInstance.start id=urn:ogf:network:example.net:2013:biportB guid=09dcf061-92aa-4474-9149-1e56aa0f3cc5
ts=2013-07-05T17:47:09.466Z level=TRACE event=RecordsCollection.bidirectionalPortInstance.newInstanceCreated id=urn:ogf:network:example.net:2013:biportB status=0 guid=09dcf061-92aa-4474-9149-1e56aa0f3cc5
ts=2013-07-05T17:47:09.466Z level=TRACE event=RecordsCollection.bidirectionalPortInstance.end id=urn:ogf:network:example.net:2013:biportB status=0 guid=09dcf061-92aa-4474-9149-1e56aa0f3cc5
ts=2013-07-05T17:47:09.467Z level=TRACE event=RecordsCollection.bidirectionalPortInstance.start id=null guid=09dcf061-92aa-4474-9149-1e56aa0f3cc5
ts=2013-07-05T17:47:09.467Z level=TRACE event=RecordsCollection.bidirectionalPortInstance.idCreated id=af0ec81a-5ab6-403a-be6c-fd83746b2ab7 status=0 guid=09dcf061-92aa-4474-9149-1e56aa0f3cc5
ts=2013-07-05T17:47:09.467Z level=TRACE event=RecordsCollection.bidirectionalPortInstance.newInstanceCreated id=af0ec81a-5ab6-403a-be6c-fd83746b2ab7 status=0 guid=09dcf061-92aa-4474-9149-1e56aa0f3cc5
ts=2013-07-05T17:47:09.467Z level=TRACE event=RecordsCollection.bidirectionalPortInstance.end id=af0ec81a-5ab6-403a-be6c-fd83746b2ab7 status=0 guid=09dcf061-92aa-4474-9149-1e56aa0f3cc5
ts=2013-07-05T17:47:09.467Z level=TRACE event=RecordsCollection.bidirectionalPortInstance.start id=urn:ogf:network:example.net:2013:biportB guid=09dcf061-92aa-4474-9149-1e56aa0f3cc5
ts=2013-07-05T17:47:09.467Z level=TRACE event=RecordsCollection.bidirectionalPortInstance.end id=urn:ogf:network:example.net:2013:biportB status=0 guid=09dcf061-92aa-4474-9149-1e56aa0f3cc5
ts=2013-07-05T17:47:09.467Z level=TRACE event=RecordsCollection.bidirectionalPortInstance.start id=af0ec81a-5ab6-403a-be6c-fd83746b2ab7 guid=09dcf061-92aa-4474-9149-1e56aa0f3cc5
ts=2013-07-05T17:47:09.467Z level=TRACE event=RecordsCollection.bidirectionalPortInstance.end id=af0ec81a-5ab6-403a-be6c-fd83746b2ab7 status=0 guid=09dcf061-92aa-4474-9149-1e56aa0f3cc5
ts=2013-07-05T17:47:09.467Z level=DEBUG event=RecordsCollectionTest.testBidirectionalPortInstance.end status=0 guid=09dcf061-92aa-4474-9149-1e56aa0f3cc5
ts=2013-07-05T17:47:09.468Z level=DEBUG event=RecordsCollectionTest.testSetNSAs.start guid=c391ca11-3cbe-48c2-9754-f548628e35a9
ts=2013-07-05T17:47:09.468Z level=DEBUG event=RecordsCollectionTest.testSetNSAs.end status=0 guid=c391ca11-3cbe-48c2-9754-f548628e35a9
ts=2013-07-05T17:47:09.468Z level=DEBUG event=RecordsCollectionTest.testGetBidirectionalLinks.start guid=d9ce35cb-27bb-4816-bd05-f736e1577e5e
ts=2013-07-05T17:47:09.468Z level=DEBUG event=RecordsCollectionTest.testGetBidirectionalLinks.end status=0 guid=d9ce35cb-27bb-4816-bd05-f736e1577e5e
ts=2013-07-05T17:47:09.469Z level=DEBUG event=RecordsCollectionTest.testGetBidirectionalPorts.start guid=2c32b616-b69f-4de8-a1e9-edc7f91d37ac
ts=2013-07-05T17:47:09.469Z level=DEBUG event=RecordsCollectionTest.testGetBidirectionalPorts.end status=0 guid=2c32b616-b69f-4de8-a1e9-edc7f91d37ac
ts=2013-07-05T17:47:09.469Z level=DEBUG event=RecordsCollectionTest.testSetPortGroups.start guid=a55a8808-5759-462d-b576-47e3cc7acd4b
ts=2013-07-05T17:47:09.469Z level=DEBUG event=RecordsCollectionTest.testSetPortGroups.end status=0 guid=a55a8808-5759-462d-b576-47e3cc7acd4b
ts=2013-07-05T17:47:09.470Z level=DEBUG event=RecordsCollectionTest.testTopologyInstance.start guid=1531a688-6d8a-4a35-9390-1e16915d163b
ts=2013-07-05T17:47:09.470Z level=TRACE event=RecordsCollection.topologyInstance.start id=urn:ogf:network:example.net:2013:topologyA guid=1531a688-6d8a-4a35-9390-1e16915d163b
ts=2013-07-05T17:47:09.470Z level=TRACE event=RecordsCollection.topologyInstance.end id=urn:ogf:network:example.net:2013:topologyA status=0 guid=1531a688-6d8a-4a35-9390-1e16915d163b
ts=2013-07-05T17:47:09.470Z level=TRACE event=RecordsCollection.topologyInstance.start id=urn:ogf:network:example.net:2013:topologyB guid=1531a688-6d8a-4a35-9390-1e16915d163b
ts=2013-07-05T17:47:09.470Z level=TRACE event=RecordsCollection.topologyInstance.newInstanceCreated id=urn:ogf:network:example.net:2013:topologyB status=0 guid=1531a688-6d8a-4a35-9390-1e16915d163b
ts=2013-07-05T17:47:09.470Z level=TRACE event=RecordsCollection.topologyInstance.end id=urn:ogf:network:example.net:2013:topologyB status=0 guid=1531a688-6d8a-4a35-9390-1e16915d163b
ts=2013-07-05T17:47:09.470Z level=TRACE event=RecordsCollection.topologyInstance.start id=null guid=1531a688-6d8a-4a35-9390-1e16915d163b
ts=2013-07-05T17:47:09.470Z level=TRACE event=RecordsCollection.topologyInstance.idCreated id=20108e2b-200a-41b8-b796-921ca3f3bcb3 status=0 guid=1531a688-6d8a-4a35-9390-1e16915d163b
ts=2013-07-05T17:47:09.470Z level=TRACE event=RecordsCollection.topologyInstance.newInstanceCreated id=20108e2b-200a-41b8-b796-921ca3f3bcb3 status=0 guid=1531a688-6d8a-4a35-9390-1e16915d163b
ts=2013-07-05T17:47:09.470Z level=TRACE event=RecordsCollection.topologyInstance.end id=20108e2b-200a-41b8-b796-921ca3f3bcb3 status=0 guid=1531a688-6d8a-4a35-9390-1e16915d163b
ts=2013-07-05T17:47:09.471Z level=TRACE event=RecordsCollection.topologyInstance.start id=urn:ogf:network:example.net:2013:topologyB guid=1531a688-6d8a-4a35-9390-1e16915d163b
ts=2013-07-05T17:47:09.471Z level=TRACE event=RecordsCollection.topologyInstance.end id=urn:ogf:network:example.net:2013:topologyB status=0 guid=1531a688-6d8a-4a35-9390-1e16915d163b
ts=2013-07-05T17:47:09.471Z level=TRACE event=RecordsCollection.topologyInstance.start id=20108e2b-200a-41b8-b796-921ca3f3bcb3 guid=1531a688-6d8a-4a35-9390-1e16915d163b
ts=2013-07-05T17:47:09.471Z level=TRACE event=RecordsCollection.topologyInstance.end id=20108e2b-200a-41b8-b796-921ca3f3bcb3 status=0 guid=1531a688-6d8a-4a35-9390-1e16915d163b
ts=2013-07-05T17:47:09.471Z level=DEBUG event=RecordsCollectionTest.testTopologyInstance.end status=0 guid=1531a688-6d8a-4a35-9390-1e16915d163b
ts=2013-07-05T17:47:09.471Z level=DEBUG event=RecordsCollectionTest.testGetTopologies.start guid=2827d6aa-2155-4ed7-bd9d-6fa15b00c388
ts=2013-07-05T17:47:09.471Z level=DEBUG event=RecordsCollectionTest.testGetTopologies.end status=0 guid=2827d6aa-2155-4ed7-bd9d-6fa15b00c388
ts=2013-07-05T17:47:09.472Z level=DEBUG event=RecordsCollectionTest.testSetLinks.start guid=048e9444-910c-4b20-8ee9-64da84d3aaf1
ts=2013-07-05T17:47:09.472Z level=DEBUG event=RecordsCollectionTest.testSetLinks.end status=0 guid=048e9444-910c-4b20-8ee9-64da84d3aaf1
ts=2013-07-05T17:47:09.472Z level=DEBUG event=RecordsCollectionTest.testSetNodes.start guid=da1ebd6b-8012-4ac4-855e-3e6bf9f7667a
ts=2013-07-05T17:47:09.472Z level=DEBUG event=RecordsCollectionTest.testSetNodes.end status=0 guid=da1ebd6b-8012-4ac4-855e-3e6bf9f7667a
ts=2013-07-05T17:47:09.473Z level=DEBUG event=RecordsCollectionTest.testSetPorts.start guid=a75a5e08-9f2f-47a5-8fdd-5afa75ca1eef
ts=2013-07-05T17:47:09.473Z level=DEBUG event=RecordsCollectionTest.testSetPorts.end status=0 guid=a75a5e08-9f2f-47a5-8fdd-5afa75ca1eef
